2021-05-20 09:52:59,990 [Worker-1: Loading available Gradle versions] INFO  o.e.b.c.i.u.g.PublishedGradleVersions - Gradle version information cache is up-to-date. Trying to read.
2021-05-20 09:58:42,428 [Worker-4: Creating maven-archetype-quickstart] INFO  o.e.m.c.i.p.ProjectConfigurationManager - Collecting project info '/pom.xml' D:\EclipseProject\TestCaseProject\TestCaseProject\pom.xml
2021-05-20 09:58:44,176 [Worker-4: Creating maven-archetype-quickstart] INFO  o.e.m.c.i.l.LifecycleMappingFactory - Using org.eclipse.m2e.jdt.JarLifecycleMapping lifecycle mapping for MavenProject: PragatiTraining:TestCaseProject:0.0.1-SNAPSHOT @ D:\EclipseProject\TestCaseProject\TestCaseProject\pom.xml.
2021-05-20 09:58:46,950 [Worker-4: Creating maven-archetype-quickstart] INFO  o.e.m.j.i.AbstractJavaProjectConfigurator - Adding source folder /TestCaseProject/src/main/java
2021-05-20 09:58:46,995 [Worker-4: Creating maven-archetype-quickstart] INFO  o.e.m.j.i.AbstractJavaProjectConfigurator - Adding source folder /TestCaseProject/src/test/java
2021-05-20 09:58:48,874 [Worker-4: Creating maven-archetype-quickstart] INFO  o.e.m.c.i.p.ProjectConfigurationManager - Imported and configured 1 project(s) in 6 sec
2021-05-20 09:58:50,785 [Worker-10: Building] INFO  o.e.m.c.i.embedder.EclipseLogger - Using 'UTF-8' encoding to copy filtered resources.
2021-05-20 09:58:50,786 [Worker-10: Building] INFO  o.e.m.c.i.embedder.EclipseLogger - skip non existing resourceDirectory D:\EclipseProject\TestCaseProject\TestCaseProject\src\main\resources
2021-05-20 09:58:50,790 [Worker-10: Building] INFO  o.e.m.c.i.embedder.EclipseLogger - Using 'UTF-8' encoding to copy filtered resources.
2021-05-20 09:58:50,814 [Worker-10: Building] INFO  o.e.m.c.i.embedder.EclipseLogger - skip non existing resourceDirectory D:\EclipseProject\TestCaseProject\TestCaseProject\src\test\resources
2021-05-20 09:59:03,391 [Worker-8: Building] INFO  o.e.m.c.i.embedder.EclipseLogger - Using 'UTF-8' encoding to copy filtered resources.
2021-05-20 09:59:03,391 [Worker-8: Building] INFO  o.e.m.c.i.embedder.EclipseLogger - skip non existing resourceDirectory D:\EclipseProject\TestCaseProject\TestCaseProject\src\main\resources
2021-05-20 09:59:03,395 [Worker-8: Building] INFO  o.e.m.c.i.embedder.EclipseLogger - Using 'UTF-8' encoding to copy filtered resources.
2021-05-20 09:59:03,395 [Worker-8: Building] INFO  o.e.m.c.i.embedder.EclipseLogger - skip non existing resourceDirectory D:\EclipseProject\TestCaseProject\TestCaseProject\src\test\resources
2021-05-20 09:59:19,411 [Worker-8: Building] INFO  o.e.m.c.i.embedder.EclipseLogger - Using 'UTF-8' encoding to copy filtered resources.
2021-05-20 09:59:19,412 [Worker-8: Building] INFO  o.e.m.c.i.embedder.EclipseLogger - skip non existing resourceDirectory D:\EclipseProject\TestCaseProject\TestCaseProject\src\main\resources
2021-05-20 09:59:19,415 [Worker-8: Building] INFO  o.e.m.c.i.embedder.EclipseLogger - Using 'UTF-8' encoding to copy filtered resources.
2021-05-20 09:59:19,416 [Worker-8: Building] INFO  o.e.m.c.i.embedder.EclipseLogger - skip non existing resourceDirectory D:\EclipseProject\TestCaseProject\TestCaseProject\src\test\resources
2021-05-20 10:00:56,707 [Worker-10: Building] INFO  o.e.m.c.i.embedder.EclipseLogger - Using 'UTF-8' encoding to copy filtered resources.
2021-05-20 10:00:56,708 [Worker-10: Building] INFO  o.e.m.c.i.embedder.EclipseLogger - skip non existing resourceDirectory D:\EclipseProject\TestCaseProject\TestCaseProject\src\main\resources
2021-05-20 10:00:56,720 [Worker-10: Building] INFO  o.e.m.c.i.embedder.EclipseLogger - Using 'UTF-8' encoding to copy filtered resources.
2021-05-20 10:00:56,721 [Worker-10: Building] INFO  o.e.m.c.i.embedder.EclipseLogger - skip non existing resourceDirectory D:\EclipseProject\TestCaseProject\TestCaseProject\src\test\resources
2021-05-20 10:01:18,472 [Worker-4: Building] INFO  o.e.m.c.i.embedder.EclipseLogger - Using 'UTF-8' encoding to copy filtered resources.
2021-05-20 10:01:18,473 [Worker-4: Building] INFO  o.e.m.c.i.embedder.EclipseLogger - skip non existing resourceDirectory D:\EclipseProject\TestCaseProject\TestCaseProject\src\main\resources
2021-05-20 10:01:18,476 [Worker-4: Building] INFO  o.e.m.c.i.embedder.EclipseLogger - Using 'UTF-8' encoding to copy filtered resources.
2021-05-20 10:01:18,476 [Worker-4: Building] INFO  o.e.m.c.i.embedder.EclipseLogger - skip non existing resourceDirectory D:\EclipseProject\TestCaseProject\TestCaseProject\src\test\resources
2021-05-20 10:01:29,416 [Worker-10: Building] INFO  o.e.m.c.i.embedder.EclipseLogger - Using 'UTF-8' encoding to copy filtered resources.
2021-05-20 10:01:29,416 [Worker-10: Building] INFO  o.e.m.c.i.embedder.EclipseLogger - skip non existing resourceDirectory D:\EclipseProject\TestCaseProject\TestCaseProject\src\main\resources
2021-05-20 10:01:29,430 [Worker-10: Building] INFO  o.e.m.c.i.embedder.EclipseLogger - Using 'UTF-8' encoding to copy filtered resources.
2021-05-20 10:01:29,430 [Worker-10: Building] INFO  o.e.m.c.i.embedder.EclipseLogger - skip non existing resourceDirectory D:\EclipseProject\TestCaseProject\TestCaseProject\src\test\resources
2021-05-20 10:02:02,800 [Worker-4: Building] INFO  o.e.m.c.i.embedder.EclipseLogger - Using 'UTF-8' encoding to copy filtered resources.
2021-05-20 10:02:02,800 [Worker-4: Building] INFO  o.e.m.c.i.embedder.EclipseLogger - skip non existing resourceDirectory D:\EclipseProject\TestCaseProject\TestCaseProject\src\main\resources
2021-05-20 10:02:02,810 [Worker-4: Building] INFO  o.e.m.c.i.embedder.EclipseLogger - Using 'UTF-8' encoding to copy filtered resources.
2021-05-20 10:02:02,810 [Worker-4: Building] INFO  o.e.m.c.i.embedder.EclipseLogger - skip non existing resourceDirectory D:\EclipseProject\TestCaseProject\TestCaseProject\src\test\resources
2021-05-20 10:02:40,111 [Worker-14: Building] INFO  o.e.m.c.i.embedder.EclipseLogger - Using 'UTF-8' encoding to copy filtered resources.
2021-05-20 10:02:40,111 [Worker-14: Building] INFO  o.e.m.c.i.embedder.EclipseLogger - skip non existing resourceDirectory D:\EclipseProject\TestCaseProject\TestCaseProject\src\main\resources
2021-05-20 10:02:40,128 [Worker-14: Building] INFO  o.e.m.c.i.embedder.EclipseLogger - Using 'UTF-8' encoding to copy filtered resources.
2021-05-20 10:02:40,129 [Worker-14: Building] INFO  o.e.m.c.i.embedder.EclipseLogger - skip non existing resourceDirectory D:\EclipseProject\TestCaseProject\TestCaseProject\src\test\resources
2021-05-20 10:03:36,154 [Worker-11: Building] INFO  o.e.m.c.i.embedder.EclipseLogger - Using 'UTF-8' encoding to copy filtered resources.
2021-05-20 10:03:36,154 [Worker-11: Building] INFO  o.e.m.c.i.embedder.EclipseLogger - skip non existing resourceDirectory D:\EclipseProject\TestCaseProject\TestCaseProject\src\main\resources
2021-05-20 10:03:36,157 [Worker-11: Building] INFO  o.e.m.c.i.embedder.EclipseLogger - Using 'UTF-8' encoding to copy filtered resources.
2021-05-20 10:03:36,159 [Worker-11: Building] INFO  o.e.m.c.i.embedder.EclipseLogger - skip non existing resourceDirectory D:\EclipseProject\TestCaseProject\TestCaseProject\src\test\resources
2021-05-20 10:04:29,361 [Worker-14: Building] INFO  o.e.m.c.i.embedder.EclipseLogger - Using 'UTF-8' encoding to copy filtered resources.
2021-05-20 10:04:29,363 [Worker-14: Building] INFO  o.e.m.c.i.embedder.EclipseLogger - skip non existing resourceDirectory D:\EclipseProject\TestCaseProject\TestCaseProject\src\main\resources
2021-05-20 10:04:29,374 [Worker-14: Building] INFO  o.e.m.c.i.embedder.EclipseLogger - Using 'UTF-8' encoding to copy filtered resources.
2021-05-20 10:04:29,374 [Worker-14: Building] INFO  o.e.m.c.i.embedder.EclipseLogger - skip non existing resourceDirectory D:\EclipseProject\TestCaseProject\TestCaseProject\src\test\resources
2021-05-20 10:04:32,311 [Worker-10: Building] INFO  o.e.m.c.i.embedder.EclipseLogger - Using 'UTF-8' encoding to copy filtered resources.
2021-05-20 10:04:32,312 [Worker-10: Building] INFO  o.e.m.c.i.embedder.EclipseLogger - skip non existing resourceDirectory D:\EclipseProject\TestCaseProject\TestCaseProject\src\main\resources
2021-05-20 10:04:32,315 [Worker-10: Building] INFO  o.e.m.c.i.embedder.EclipseLogger - Using 'UTF-8' encoding to copy filtered resources.
2021-05-20 10:04:32,316 [Worker-10: Building] INFO  o.e.m.c.i.embedder.EclipseLogger - skip non existing resourceDirectory D:\EclipseProject\TestCaseProject\TestCaseProject\src\test\resources
2021-05-20 10:08:22,078 [Worker-10: Building] INFO  o.e.m.c.i.embedder.EclipseLogger - Using 'UTF-8' encoding to copy filtered resources.
2021-05-20 10:08:22,078 [Worker-10: Building] INFO  o.e.m.c.i.embedder.EclipseLogger - skip non existing resourceDirectory D:\EclipseProject\TestCaseProject\TestCaseProject\src\main\resources
2021-05-20 10:08:22,081 [Worker-10: Building] INFO  o.e.m.c.i.embedder.EclipseLogger - Using 'UTF-8' encoding to copy filtered resources.
2021-05-20 10:08:22,081 [Worker-10: Building] INFO  o.e.m.c.i.embedder.EclipseLogger - skip non existing resourceDirectory D:\EclipseProject\TestCaseProject\TestCaseProject\src\test\resources
2021-05-20 10:09:16,017 [Worker-16: Building] INFO  o.e.m.c.i.embedder.EclipseLogger - Using 'UTF-8' encoding to copy filtered resources.
2021-05-20 10:09:16,019 [Worker-16: Building] INFO  o.e.m.c.i.embedder.EclipseLogger - skip non existing resourceDirectory D:\EclipseProject\TestCaseProject\TestCaseProject\src\main\resources
2021-05-20 10:09:16,024 [Worker-16: Building] INFO  o.e.m.c.i.embedder.EclipseLogger - Using 'UTF-8' encoding to copy filtered resources.
2021-05-20 10:09:16,024 [Worker-16: Building] INFO  o.e.m.c.i.embedder.EclipseLogger - skip non existing resourceDirectory D:\EclipseProject\TestCaseProject\TestCaseProject\src\test\resources
2021-05-20 10:09:28,646 [Worker-17: Building] INFO  o.e.m.c.i.embedder.EclipseLogger - Using 'UTF-8' encoding to copy filtered resources.
2021-05-20 10:09:28,647 [Worker-17: Building] INFO  o.e.m.c.i.embedder.EclipseLogger - skip non existing resourceDirectory D:\EclipseProject\TestCaseProject\TestCaseProject\src\main\resources
2021-05-20 10:09:28,650 [Worker-17: Building] INFO  o.e.m.c.i.embedder.EclipseLogger - Using 'UTF-8' encoding to copy filtered resources.
2021-05-20 10:09:28,650 [Worker-17: Building] INFO  o.e.m.c.i.embedder.EclipseLogger - skip non existing resourceDirectory D:\EclipseProject\TestCaseProject\TestCaseProject\src\test\resources
2021-05-20 10:21:35,928 [Worker-20: Building] INFO  o.e.m.c.i.embedder.EclipseLogger - Using 'UTF-8' encoding to copy filtered resources.
2021-05-20 10:21:35,928 [Worker-20: Building] INFO  o.e.m.c.i.embedder.EclipseLogger - skip non existing resourceDirectory D:\EclipseProject\TestCaseProject\TestCaseProject\src\main\resources
2021-05-20 10:21:35,933 [Worker-20: Building] INFO  o.e.m.c.i.embedder.EclipseLogger - Using 'UTF-8' encoding to copy filtered resources.
2021-05-20 10:21:35,933 [Worker-20: Building] INFO  o.e.m.c.i.embedder.EclipseLogger - skip non existing resourceDirectory D:\EclipseProject\TestCaseProject\TestCaseProject\src\test\resources
2021-05-20 11:27:43,532 [Worker-38: Building] INFO  o.e.m.c.i.embedder.EclipseLogger - Using 'UTF-8' encoding to copy filtered resources.
2021-05-20 11:27:43,533 [Worker-38: Building] INFO  o.e.m.c.i.embedder.EclipseLogger - skip non existing resourceDirectory D:\EclipseProject\TestCaseProject\TestCaseProject\src\main\resources
2021-05-20 11:27:43,537 [Worker-38: Building] INFO  o.e.m.c.i.embedder.EclipseLogger - Using 'UTF-8' encoding to copy filtered resources.
2021-05-20 11:27:43,538 [Worker-38: Building] INFO  o.e.m.c.i.embedder.EclipseLogger - skip non existing resourceDirectory D:\EclipseProject\TestCaseProject\TestCaseProject\src\test\resources
2021-05-21 09:32:11,773 [Worker-3: Loading available Gradle versions] INFO  o.e.b.c.i.u.g.PublishedGradleVersions - Gradle version information cache is out-of-date. Trying to update.
2021-05-21 09:54:35,777 [Worker-12: Building] INFO  o.e.m.c.i.embedder.EclipseLogger - Using 'UTF-8' encoding to copy filtered resources.
2021-05-21 09:54:35,778 [Worker-12: Building] INFO  o.e.m.c.i.embedder.EclipseLogger - skip non existing resourceDirectory D:\EclipseProject\TestCaseProject\TestCaseProject\src\main\resources
2021-05-21 09:54:35,783 [Worker-12: Building] INFO  o.e.m.c.i.embedder.EclipseLogger - Using 'UTF-8' encoding to copy filtered resources.
2021-05-21 09:54:35,784 [Worker-12: Building] INFO  o.e.m.c.i.embedder.EclipseLogger - skip non existing resourceDirectory D:\EclipseProject\TestCaseProject\TestCaseProject\src\test\resources
2021-05-21 09:57:25,739 [Worker-15: Building] INFO  o.e.m.c.i.embedder.EclipseLogger - Using 'UTF-8' encoding to copy filtered resources.
2021-05-21 09:57:25,739 [Worker-15: Building] INFO  o.e.m.c.i.embedder.EclipseLogger - skip non existing resourceDirectory D:\EclipseProject\TestCaseProject\TestCaseProject\src\main\resources
2021-05-21 09:57:25,742 [Worker-15: Building] INFO  o.e.m.c.i.embedder.EclipseLogger - Using 'UTF-8' encoding to copy filtered resources.
2021-05-21 09:57:25,742 [Worker-15: Building] INFO  o.e.m.c.i.embedder.EclipseLogger - skip non existing resourceDirectory D:\EclipseProject\TestCaseProject\TestCaseProject\src\test\resources
2021-05-21 10:06:55,025 [Worker-18: Building] INFO  o.e.m.c.i.embedder.EclipseLogger - Using 'UTF-8' encoding to copy filtered resources.
2021-05-21 10:06:55,026 [Worker-18: Building] INFO  o.e.m.c.i.embedder.EclipseLogger - skip non existing resourceDirectory D:\EclipseProject\TestCaseProject\TestCaseProject\src\main\resources
2021-05-21 10:06:55,029 [Worker-18: Building] INFO  o.e.m.c.i.embedder.EclipseLogger - Using 'UTF-8' encoding to copy filtered resources.
2021-05-21 10:06:55,029 [Worker-18: Building] INFO  o.e.m.c.i.embedder.EclipseLogger - skip non existing resourceDirectory D:\EclipseProject\TestCaseProject\TestCaseProject\src\test\resources
2021-05-21 13:42:52,697 [Worker-54: Updating Maven Project] INFO  o.e.m.c.i.p.ProjectConfigurationManager - Update started
2021-05-21 13:42:54,166 [Worker-54: Updating Maven Project] INFO  o.e.m.c.i.l.LifecycleMappingFactory - Using org.eclipse.m2e.jdt.JarLifecycleMapping lifecycle mapping for MavenProject: PragatiTraining:TestCaseProject:0.0.1-SNAPSHOT @ D:\EclipseProject\TestCaseProject\TestCaseProject\pom.xml.
2021-05-21 13:42:56,383 [Worker-54: Updating Maven Project] INFO  o.e.m.j.i.AbstractJavaProjectConfigurator - Adding source folder /TestCaseProject/src/main/java
2021-05-21 13:42:56,384 [Worker-54: Updating Maven Project] INFO  o.e.m.j.i.AbstractJavaProjectConfigurator - Adding source folder /TestCaseProject/src/test/java
2021-05-21 13:42:56,772 [Worker-54: Updating Maven Project] INFO  o.e.m.c.i.p.ProjectConfigurationManager - Update completed: 4 sec
2021-05-21 13:42:57,015 [Worker-61: Building] INFO  o.e.m.c.i.embedder.EclipseLogger - Using 'UTF-8' encoding to copy filtered resources.
2021-05-21 13:42:57,015 [Worker-61: Building] INFO  o.e.m.c.i.embedder.EclipseLogger - skip non existing resourceDirectory D:\EclipseProject\TestCaseProject\TestCaseProject\src\main\resources
2021-05-21 13:42:57,023 [Worker-61: Building] INFO  o.e.m.c.i.embedder.EclipseLogger - Using 'UTF-8' encoding to copy filtered resources.
2021-05-21 13:42:57,024 [Worker-61: Building] INFO  o.e.m.c.i.embedder.EclipseLogger - skip non existing resourceDirectory D:\EclipseProject\TestCaseProject\TestCaseProject\src\test\resources
2021-05-21 13:46:43,081 [Worker-63: Building] INFO  o.e.m.c.i.l.LifecycleMappingFactory - Using org.eclipse.m2e.jdt.JarLifecycleMapping lifecycle mapping for MavenProject: PragatiTraining:TestCaseProject:0.0.1-SNAPSHOT @ D:\EclipseProject\TestCaseProject\TestCaseProject\pom.xml.
2021-05-21 13:46:43,908 [Worker-63: Building] INFO  o.e.m.c.i.embedder.EclipseLogger - Using 'UTF-8' encoding to copy filtered resources.
2021-05-21 13:46:43,908 [Worker-63: Building] INFO  o.e.m.c.i.embedder.EclipseLogger - skip non existing resourceDirectory D:\EclipseProject\TestCaseProject\TestCaseProject\src\main\resources
2021-05-21 13:46:43,911 [Worker-63: Building] INFO  o.e.m.c.i.embedder.EclipseLogger - Using 'UTF-8' encoding to copy filtered resources.
2021-05-21 13:46:43,911 [Worker-63: Building] INFO  o.e.m.c.i.embedder.EclipseLogger - skip non existing resourceDirectory D:\EclipseProject\TestCaseProject\TestCaseProject\src\test\resources
2021-05-21 13:46:45,819 [Worker-67: Building] INFO  o.e.m.c.i.embedder.EclipseLogger - Using 'UTF-8' encoding to copy filtered resources.
2021-05-21 13:46:45,819 [Worker-67: Building] INFO  o.e.m.c.i.embedder.EclipseLogger - skip non existing resourceDirectory D:\EclipseProject\TestCaseProject\TestCaseProject\src\main\resources
2021-05-21 13:46:45,821 [Worker-67: Building] INFO  o.e.m.c.i.embedder.EclipseLogger - Using 'UTF-8' encoding to copy filtered resources.
2021-05-21 13:46:45,821 [Worker-67: Building] INFO  o.e.m.c.i.embedder.EclipseLogger - skip non existing resourceDirectory D:\EclipseProject\TestCaseProject\TestCaseProject\src\test\resources
2021-05-21 13:46:47,318 [Worker-60: Download sources and javadoc] INFO  o.e.m.c.i.e.AbstractTransferListenerAdapter - Downloaded https://repo.maven.apache.org/maven2/PragatiTraining/AutomationFrameworkAPI/1.0/AutomationFrameworkAPI-1.0-sources.jar
2021-05-21 13:46:47,343 [Worker-60: Download sources and javadoc] ERROR o.e.m.j.internal.DownloadSourcesJob - Could not download sources for PragatiTraining:AutomationFrameworkAPI:1.0
org.eclipse.core.runtime.CoreException: Could not resolve artifact PragatiTraining:AutomationFrameworkAPI:jar:sources:1.0
	at org.eclipse.m2e.core.internal.embedder.MavenImpl.lambda$4(MavenImpl.java:804)
	at org.eclipse.m2e.core.internal.embedder.MavenExecutionContext.executeBare(MavenExecutionContext.java:179)
	at org.eclipse.m2e.core.internal.embedder.MavenExecutionContext.execute(MavenExecutionContext.java:114)
	at org.eclipse.m2e.core.internal.embedder.MavenExecutionContext.execute(MavenExecutionContext.java:101)
	at org.eclipse.m2e.core.internal.embedder.MavenImpl.resolve(MavenImpl.java:772)
	at org.eclipse.m2e.core.internal.embedder.MavenImpl.resolve(MavenImpl.java:749)
	at org.eclipse.m2e.jdt.internal.DownloadSourcesJob.download(DownloadSourcesJob.java:330)
	at org.eclipse.m2e.jdt.internal.DownloadSourcesJob.downloadAttachments(DownloadSourcesJob.java:304)
	at org.eclipse.m2e.jdt.internal.DownloadSourcesJob.downloadMaven(DownloadSourcesJob.java:269)
	at org.eclipse.m2e.jdt.internal.DownloadSourcesJob.downloadFilesAndPopulateToUpdate(DownloadSourcesJob.java:233)
	at org.eclipse.m2e.jdt.internal.DownloadSourcesJob.lambda$0(DownloadSourcesJob.java:161)
	at org.eclipse.m2e.core.internal.embedder.MavenExecutionContext.executeBare(MavenExecutionContext.java:179)
	at org.eclipse.m2e.core.internal.embedder.MavenExecutionContext.execute(MavenExecutionContext.java:153)
	at org.eclipse.m2e.core.internal.embedder.MavenExecutionContext.execute(MavenExecutionContext.java:101)
	at org.eclipse.m2e.core.internal.embedder.MavenImpl.execute(MavenImpl.java:1374)
	at org.eclipse.m2e.jdt.internal.DownloadSourcesJob.run(DownloadSourcesJob.java:161)
	at org.eclipse.core.internal.jobs.Worker.run(Worker.java:63)
2021-05-21 13:47:47,019 [Worker-67: Building] INFO  o.e.m.c.i.l.LifecycleMappingFactory - Using org.eclipse.m2e.jdt.JarLifecycleMapping lifecycle mapping for MavenProject: PragatiTraining:TestCaseProject:0.0.1-SNAPSHOT @ D:\EclipseProject\TestCaseProject\TestCaseProject\pom.xml.
2021-05-21 13:47:48,774 [Worker-67: Building] INFO  o.e.m.c.i.embedder.EclipseLogger - Using 'UTF-8' encoding to copy filtered resources.
2021-05-21 13:47:48,775 [Worker-67: Building] INFO  o.e.m.c.i.embedder.EclipseLogger - skip non existing resourceDirectory D:\EclipseProject\TestCaseProject\TestCaseProject\src\main\resources
2021-05-21 13:47:48,777 [Worker-67: Building] INFO  o.e.m.c.i.embedder.EclipseLogger - Using 'UTF-8' encoding to copy filtered resources.
2021-05-21 13:47:48,777 [Worker-67: Building] INFO  o.e.m.c.i.embedder.EclipseLogger - skip non existing resourceDirectory D:\EclipseProject\TestCaseProject\TestCaseProject\src\test\resources
2021-05-21 13:47:50,752 [Worker-66: Download sources and javadoc] INFO  o.e.m.c.i.e.AbstractTransferListenerAdapter - Downloaded https://repo.maven.apache.org/maven2/PragatiTraining/AutomationFrameworkAPI/1.0/AutomationFrameworkAPI-1.0-javadoc.jar
2021-05-21 13:47:50,848 [Worker-66: Download sources and javadoc] ERROR o.e.m.j.internal.DownloadSourcesJob - Could not download javadoc for PragatiTraining:AutomationFrameworkAPI:1.0
org.eclipse.core.runtime.CoreException: Could not resolve artifact PragatiTraining:AutomationFrameworkAPI:jar:javadoc:1.0
	at org.eclipse.m2e.core.internal.embedder.MavenImpl.lambda$4(MavenImpl.java:804)
	at org.eclipse.m2e.core.internal.embedder.MavenExecutionContext.executeBare(MavenExecutionContext.java:179)
	at org.eclipse.m2e.core.internal.embedder.MavenExecutionContext.execute(MavenExecutionContext.java:114)
	at org.eclipse.m2e.core.internal.embedder.MavenExecutionContext.execute(MavenExecutionContext.java:101)
	at org.eclipse.m2e.core.internal.embedder.MavenImpl.resolve(MavenImpl.java:772)
	at org.eclipse.m2e.core.internal.embedder.MavenImpl.resolve(MavenImpl.java:749)
	at org.eclipse.m2e.jdt.internal.DownloadSourcesJob.download(DownloadSourcesJob.java:330)
	at org.eclipse.m2e.jdt.internal.DownloadSourcesJob.downloadAttachments(DownloadSourcesJob.java:316)
	at org.eclipse.m2e.jdt.internal.DownloadSourcesJob.downloadMaven(DownloadSourcesJob.java:269)
	at org.eclipse.m2e.jdt.internal.DownloadSourcesJob.downloadFilesAndPopulateToUpdate(DownloadSourcesJob.java:233)
	at org.eclipse.m2e.jdt.internal.DownloadSourcesJob.lambda$0(DownloadSourcesJob.java:161)
	at org.eclipse.m2e.core.internal.embedder.MavenExecutionContext.executeBare(MavenExecutionContext.java:179)
	at org.eclipse.m2e.core.internal.embedder.MavenExecutionContext.execute(MavenExecutionContext.java:153)
	at org.eclipse.m2e.core.internal.embedder.MavenExecutionContext.execute(MavenExecutionContext.java:101)
	at org.eclipse.m2e.core.internal.embedder.MavenImpl.execute(MavenImpl.java:1374)
	at org.eclipse.m2e.jdt.internal.DownloadSourcesJob.run(DownloadSourcesJob.java:161)
	at org.eclipse.core.internal.jobs.Worker.run(Worker.java:63)
2021-05-21 13:47:51,040 [Worker-67: Building] INFO  o.e.m.c.i.embedder.EclipseLogger - Using 'UTF-8' encoding to copy filtered resources.
2021-05-21 13:47:51,040 [Worker-67: Building] INFO  o.e.m.c.i.embedder.EclipseLogger - skip non existing resourceDirectory D:\EclipseProject\TestCaseProject\TestCaseProject\src\main\resources
2021-05-21 13:47:51,042 [Worker-67: Building] INFO  o.e.m.c.i.embedder.EclipseLogger - Using 'UTF-8' encoding to copy filtered resources.
2021-05-21 13:47:51,043 [Worker-67: Building] INFO  o.e.m.c.i.embedder.EclipseLogger - skip non existing resourceDirectory D:\EclipseProject\TestCaseProject\TestCaseProject\src\test\resources
2021-05-21 13:48:05,168 [Worker-65: Building] INFO  o.e.m.c.i.l.LifecycleMappingFactory - Using org.eclipse.m2e.jdt.JarLifecycleMapping lifecycle mapping for MavenProject: PragatiTraining:TestCaseProject:0.0.1-SNAPSHOT @ D:\EclipseProject\TestCaseProject\TestCaseProject\pom.xml.
2021-05-21 13:48:06,177 [Worker-65: Building] INFO  o.e.m.c.i.embedder.EclipseLogger - Using 'UTF-8' encoding to copy filtered resources.
2021-05-21 13:48:06,178 [Worker-65: Building] INFO  o.e.m.c.i.embedder.EclipseLogger - skip non existing resourceDirectory D:\EclipseProject\TestCaseProject\TestCaseProject\src\main\resources
2021-05-21 13:48:06,182 [Worker-65: Building] INFO  o.e.m.c.i.embedder.EclipseLogger - Using 'UTF-8' encoding to copy filtered resources.
2021-05-21 13:48:06,182 [Worker-65: Building] INFO  o.e.m.c.i.embedder.EclipseLogger - skip non existing resourceDirectory D:\EclipseProject\TestCaseProject\TestCaseProject\src\test\resources
2021-05-21 13:49:15,731 [Worker-67: Building] INFO  o.e.m.c.i.embedder.EclipseLogger - Using 'UTF-8' encoding to copy filtered resources.
2021-05-21 13:49:15,732 [Worker-67: Building] INFO  o.e.m.c.i.embedder.EclipseLogger - skip non existing resourceDirectory D:\EclipseProject\TestCaseProject\TestCaseProject\src\main\resources
2021-05-21 13:49:15,734 [Worker-67: Building] INFO  o.e.m.c.i.embedder.EclipseLogger - Using 'UTF-8' encoding to copy filtered resources.
2021-05-21 13:49:15,734 [Worker-67: Building] INFO  o.e.m.c.i.embedder.EclipseLogger - skip non existing resourceDirectory D:\EclipseProject\TestCaseProject\TestCaseProject\src\test\resources
2021-05-21 13:59:41,627 [Worker-67: Building] INFO  o.e.m.c.i.embedder.EclipseLogger - Using 'UTF-8' encoding to copy filtered resources.
2021-05-21 13:59:41,628 [Worker-67: Building] INFO  o.e.m.c.i.embedder.EclipseLogger - skip non existing resourceDirectory D:\EclipseProject\TestCaseProject\TestCaseProject\src\main\resources
2021-05-21 13:59:41,632 [Worker-67: Building] INFO  o.e.m.c.i.embedder.EclipseLogger - Using 'UTF-8' encoding to copy filtered resources.
2021-05-21 13:59:41,632 [Worker-67: Building] INFO  o.e.m.c.i.embedder.EclipseLogger - skip non existing resourceDirectory D:\EclipseProject\TestCaseProject\TestCaseProject\src\test\resources
2021-05-21 14:00:16,893 [Worker-68: Building] INFO  o.e.m.c.i.embedder.EclipseLogger - Using 'UTF-8' encoding to copy filtered resources.
2021-05-21 14:00:16,894 [Worker-68: Building] INFO  o.e.m.c.i.embedder.EclipseLogger - skip non existing resourceDirectory D:\EclipseProject\TestCaseProject\TestCaseProject\src\main\resources
2021-05-21 14:00:16,895 [Worker-68: Building] INFO  o.e.m.c.i.embedder.EclipseLogger - Using 'UTF-8' encoding to copy filtered resources.
2021-05-21 14:00:16,897 [Worker-68: Building] INFO  o.e.m.c.i.embedder.EclipseLogger - skip non existing resourceDirectory D:\EclipseProject\TestCaseProject\TestCaseProject\src\test\resources
2021-05-21 14:01:14,827 [Worker-68: Updating Maven Project] INFO  o.e.m.c.i.p.ProjectConfigurationManager - Update started
2021-05-21 14:01:15,325 [Worker-68: Updating Maven Project] INFO  o.e.m.c.i.l.LifecycleMappingFactory - Using org.eclipse.m2e.jdt.JarLifecycleMapping lifecycle mapping for MavenProject: PragatiTraining:TestCaseProject:0.0.1-SNAPSHOT @ D:\EclipseProject\TestCaseProject\TestCaseProject\pom.xml.
2021-05-21 14:01:16,368 [Worker-68: Updating Maven Project] INFO  o.e.m.j.i.AbstractJavaProjectConfigurator - Adding source folder /TestCaseProject/src/main/java
2021-05-21 14:01:16,369 [Worker-68: Updating Maven Project] INFO  o.e.m.j.i.AbstractJavaProjectConfigurator - Adding source folder /TestCaseProject/src/test/java
2021-05-21 14:01:16,603 [Worker-68: Updating Maven Project] INFO  o.e.m.c.i.p.ProjectConfigurationManager - Update completed: 1 sec
2021-05-21 14:01:17,136 [Worker-70: Building] INFO  o.e.m.c.i.embedder.EclipseLogger - Using 'UTF-8' encoding to copy filtered resources.
2021-05-21 14:01:17,137 [Worker-70: Building] INFO  o.e.m.c.i.embedder.EclipseLogger - skip non existing resourceDirectory D:\EclipseProject\TestCaseProject\TestCaseProject\src\main\resources
2021-05-21 14:01:17,141 [Worker-70: Building] INFO  o.e.m.c.i.embedder.EclipseLogger - Using 'UTF-8' encoding to copy filtered resources.
2021-05-21 14:01:17,141 [Worker-70: Building] INFO  o.e.m.c.i.embedder.EclipseLogger - skip non existing resourceDirectory D:\EclipseProject\TestCaseProject\TestCaseProject\src\test\resources
2021-05-21 14:33:33,866 [Worker-80: Building] INFO  o.e.m.c.i.embedder.EclipseLogger - Using 'UTF-8' encoding to copy filtered resources.
2021-05-21 14:33:33,867 [Worker-80: Building] INFO  o.e.m.c.i.embedder.EclipseLogger - skip non existing resourceDirectory D:\EclipseProject\TestCaseProject\TestCaseProject\src\main\resources
2021-05-21 14:33:33,869 [Worker-80: Building] INFO  o.e.m.c.i.embedder.EclipseLogger - Using 'UTF-8' encoding to copy filtered resources.
2021-05-21 14:33:33,869 [Worker-80: Building] INFO  o.e.m.c.i.embedder.EclipseLogger - skip non existing resourceDirectory D:\EclipseProject\TestCaseProject\TestCaseProject\src\test\resources
2021-05-21 14:44:28,975 [Worker-86: Building] INFO  o.e.m.c.i.embedder.EclipseLogger - Using 'UTF-8' encoding to copy filtered resources.
2021-05-21 14:44:28,976 [Worker-86: Building] INFO  o.e.m.c.i.embedder.EclipseLogger - skip non existing resourceDirectory D:\EclipseProject\TestCaseProject\TestCaseProject\src\main\resources
2021-05-21 14:44:28,977 [Worker-86: Building] INFO  o.e.m.c.i.embedder.EclipseLogger - Using 'UTF-8' encoding to copy filtered resources.
2021-05-21 14:44:28,978 [Worker-86: Building] INFO  o.e.m.c.i.embedder.EclipseLogger - skip non existing resourceDirectory D:\EclipseProject\TestCaseProject\TestCaseProject\src\test\resources
2021-05-21 14:44:55,617 [Worker-86: Building] INFO  o.e.m.c.i.embedder.EclipseLogger - Using 'UTF-8' encoding to copy filtered resources.
2021-05-21 14:44:55,618 [Worker-86: Building] INFO  o.e.m.c.i.embedder.EclipseLogger - skip non existing resourceDirectory D:\EclipseProject\TestCaseProject\TestCaseProject\src\main\resources
2021-05-21 14:44:55,621 [Worker-86: Building] INFO  o.e.m.c.i.embedder.EclipseLogger - Using 'UTF-8' encoding to copy filtered resources.
2021-05-21 14:44:55,621 [Worker-86: Building] INFO  o.e.m.c.i.embedder.EclipseLogger - skip non existing resourceDirectory D:\EclipseProject\TestCaseProject\TestCaseProject\src\test\resources
2021-05-21 14:48:31,796 [Worker-87: Building] INFO  o.e.m.c.i.embedder.EclipseLogger - Using 'UTF-8' encoding to copy filtered resources.
2021-05-21 14:48:31,797 [Worker-87: Building] INFO  o.e.m.c.i.embedder.EclipseLogger - skip non existing resourceDirectory D:\EclipseProject\TestCaseProject\TestCaseProject\src\main\resources
2021-05-21 14:48:31,798 [Worker-87: Building] INFO  o.e.m.c.i.embedder.EclipseLogger - Using 'UTF-8' encoding to copy filtered resources.
2021-05-21 14:48:31,798 [Worker-87: Building] INFO  o.e.m.c.i.embedder.EclipseLogger - skip non existing resourceDirectory D:\EclipseProject\TestCaseProject\TestCaseProject\src\test\resources
2021-05-21 14:50:34,660 [Worker-86: Building] INFO  o.e.m.c.i.embedder.EclipseLogger - Using 'UTF-8' encoding to copy filtered resources.
2021-05-21 14:50:34,661 [Worker-86: Building] INFO  o.e.m.c.i.embedder.EclipseLogger - skip non existing resourceDirectory D:\EclipseProject\TestCaseProject\TestCaseProject\src\main\resources
2021-05-21 14:50:34,662 [Worker-86: Building] INFO  o.e.m.c.i.embedder.EclipseLogger - Using 'UTF-8' encoding to copy filtered resources.
2021-05-21 14:50:34,662 [Worker-86: Building] INFO  o.e.m.c.i.embedder.EclipseLogger - skip non existing resourceDirectory D:\EclipseProject\TestCaseProject\TestCaseProject\src\test\resources
2021-05-21 14:58:13,118 [Worker-89: Building] INFO  o.e.m.c.i.embedder.EclipseLogger - Using 'UTF-8' encoding to copy filtered resources.
2021-05-21 14:58:13,119 [Worker-89: Building] INFO  o.e.m.c.i.embedder.EclipseLogger - skip non existing resourceDirectory D:\EclipseProject\TestCaseProject\TestCaseProject\src\main\resources
2021-05-21 14:58:13,120 [Worker-89: Building] INFO  o.e.m.c.i.embedder.EclipseLogger - Using 'UTF-8' encoding to copy filtered resources.
2021-05-21 14:58:13,120 [Worker-89: Building] INFO  o.e.m.c.i.embedder.EclipseLogger - skip non existing resourceDirectory D:\EclipseProject\TestCaseProject\TestCaseProject\src\test\resources
2021-05-21 14:59:35,007 [Worker-90: Updating Maven Project] INFO  o.e.m.c.i.p.ProjectConfigurationManager - Update started
2021-05-21 14:59:35,662 [Worker-90: Updating Maven Project] INFO  o.e.m.c.i.l.LifecycleMappingFactory - Using org.eclipse.m2e.jdt.JarLifecycleMapping lifecycle mapping for MavenProject: PragatiTraining:TestCaseProject:0.0.1-SNAPSHOT @ D:\EclipseProject\TestCaseProject\TestCaseProject\pom.xml.
2021-05-21 14:59:36,434 [Worker-90: Updating Maven Project] INFO  o.e.m.j.i.AbstractJavaProjectConfigurator - Adding source folder /TestCaseProject/src/main/java
2021-05-21 14:59:36,435 [Worker-90: Updating Maven Project] INFO  o.e.m.j.i.AbstractJavaProjectConfigurator - Adding source folder /TestCaseProject/src/test/java
2021-05-21 14:59:36,671 [Worker-90: Updating Maven Project] INFO  o.e.m.c.i.p.ProjectConfigurationManager - Update completed: 1 sec
2021-05-21 14:59:37,077 [Worker-87: Building] INFO  o.e.m.c.i.embedder.EclipseLogger - Using 'UTF-8' encoding to copy filtered resources.
2021-05-21 14:59:37,078 [Worker-87: Building] INFO  o.e.m.c.i.embedder.EclipseLogger - skip non existing resourceDirectory D:\EclipseProject\TestCaseProject\TestCaseProject\src\main\resources
2021-05-21 14:59:37,080 [Worker-87: Building] INFO  o.e.m.c.i.embedder.EclipseLogger - Using 'UTF-8' encoding to copy filtered resources.
2021-05-21 14:59:37,081 [Worker-87: Building] INFO  o.e.m.c.i.embedder.EclipseLogger - skip non existing resourceDirectory D:\EclipseProject\TestCaseProject\TestCaseProject\src\test\resources
2021-05-21 15:00:00,646 [Worker-91: Building] INFO  o.e.m.c.i.embedder.EclipseLogger - Using 'UTF-8' encoding to copy filtered resources.
2021-05-21 15:00:00,647 [Worker-91: Building] INFO  o.e.m.c.i.embedder.EclipseLogger - skip non existing resourceDirectory D:\EclipseProject\TestCaseProject\TestCaseProject\src\main\resources
2021-05-21 15:00:00,648 [Worker-91: Building] INFO  o.e.m.c.i.embedder.EclipseLogger - Using 'UTF-8' encoding to copy filtered resources.
2021-05-21 15:00:00,649 [Worker-91: Building] INFO  o.e.m.c.i.embedder.EclipseLogger - skip non existing resourceDirectory D:\EclipseProject\TestCaseProject\TestCaseProject\src\test\resources
2021-05-22 09:33:53,607 [Worker-2: Loading available Gradle versions] INFO  o.e.b.c.i.u.g.PublishedGradleVersions - Gradle version information cache is out-of-date. Trying to update.
2021-05-22 09:35:48,598 [Worker-10: Building] INFO  o.e.m.c.i.embedder.EclipseLogger - Using 'UTF-8' encoding to copy filtered resources.
2021-05-22 09:35:48,600 [Worker-10: Building] INFO  o.e.m.c.i.embedder.EclipseLogger - skip non existing resourceDirectory D:\EclipseProject\TestCaseProject\TestCaseProject\src\main\resources
2021-05-22 09:35:48,606 [Worker-10: Building] INFO  o.e.m.c.i.embedder.EclipseLogger - Using 'UTF-8' encoding to copy filtered resources.
2021-05-22 09:35:48,606 [Worker-10: Building] INFO  o.e.m.c.i.embedder.EclipseLogger - skip non existing resourceDirectory D:\EclipseProject\TestCaseProject\TestCaseProject\src\test\resources
2021-05-22 09:37:45,955 [Worker-11: Building] INFO  o.e.m.c.i.embedder.EclipseLogger - Using 'UTF-8' encoding to copy filtered resources.
2021-05-22 09:37:45,955 [Worker-11: Building] INFO  o.e.m.c.i.embedder.EclipseLogger - skip non existing resourceDirectory D:\EclipseProject\TestCaseProject\TestCaseProject\src\main\resources
2021-05-22 09:37:45,956 [Worker-11: Building] INFO  o.e.m.c.i.embedder.EclipseLogger - Using 'UTF-8' encoding to copy filtered resources.
2021-05-22 09:37:45,957 [Worker-11: Building] INFO  o.e.m.c.i.embedder.EclipseLogger - skip non existing resourceDirectory D:\EclipseProject\TestCaseProject\TestCaseProject\src\test\resources
2021-05-22 09:39:45,372 [Worker-12: Building] INFO  o.e.m.c.i.embedder.EclipseLogger - Using 'UTF-8' encoding to copy filtered resources.
2021-05-22 09:39:45,372 [Worker-12: Building] INFO  o.e.m.c.i.embedder.EclipseLogger - skip non existing resourceDirectory D:\EclipseProject\TestCaseProject\TestCaseProject\src\main\resources
2021-05-22 09:39:45,376 [Worker-12: Building] INFO  o.e.m.c.i.embedder.EclipseLogger - Using 'UTF-8' encoding to copy filtered resources.
2021-05-22 09:39:45,376 [Worker-12: Building] INFO  o.e.m.c.i.embedder.EclipseLogger - skip non existing resourceDirectory D:\EclipseProject\TestCaseProject\TestCaseProject\src\test\resources
2021-05-22 09:39:49,146 [Worker-11: Building] INFO  o.e.m.c.i.embedder.EclipseLogger - Using 'UTF-8' encoding to copy filtered resources.
2021-05-22 09:39:49,147 [Worker-11: Building] INFO  o.e.m.c.i.embedder.EclipseLogger - skip non existing resourceDirectory D:\EclipseProject\TestCaseProject\TestCaseProject\src\main\resources
2021-05-22 09:39:49,149 [Worker-11: Building] INFO  o.e.m.c.i.embedder.EclipseLogger - Using 'UTF-8' encoding to copy filtered resources.
2021-05-22 09:39:49,149 [Worker-11: Building] INFO  o.e.m.c.i.embedder.EclipseLogger - skip non existing resourceDirectory D:\EclipseProject\TestCaseProject\TestCaseProject\src\test\resources
2021-05-22 09:40:45,419 [Worker-10: Building] INFO  o.e.m.c.i.embedder.EclipseLogger - Using 'UTF-8' encoding to copy filtered resources.
2021-05-22 09:40:45,419 [Worker-10: Building] INFO  o.e.m.c.i.embedder.EclipseLogger - skip non existing resourceDirectory D:\EclipseProject\TestCaseProject\TestCaseProject\src\main\resources
2021-05-22 09:40:45,422 [Worker-10: Building] INFO  o.e.m.c.i.embedder.EclipseLogger - Using 'UTF-8' encoding to copy filtered resources.
2021-05-22 09:40:45,423 [Worker-10: Building] INFO  o.e.m.c.i.embedder.EclipseLogger - skip non existing resourceDirectory D:\EclipseProject\TestCaseProject\TestCaseProject\src\test\resources
2021-05-22 09:44:10,948 [Worker-12: Building] INFO  o.e.m.c.i.embedder.EclipseLogger - Using 'UTF-8' encoding to copy filtered resources.
2021-05-22 09:44:10,948 [Worker-12: Building] INFO  o.e.m.c.i.embedder.EclipseLogger - skip non existing resourceDirectory D:\EclipseProject\TestCaseProject\TestCaseProject\src\main\resources
2021-05-22 09:44:10,950 [Worker-12: Building] INFO  o.e.m.c.i.embedder.EclipseLogger - Using 'UTF-8' encoding to copy filtered resources.
2021-05-22 09:44:10,950 [Worker-12: Building] INFO  o.e.m.c.i.embedder.EclipseLogger - skip non existing resourceDirectory D:\EclipseProject\TestCaseProject\TestCaseProject\src\test\resources
2021-05-22 09:51:05,844 [Worker-20: Building] INFO  o.e.m.c.i.embedder.EclipseLogger - Using 'UTF-8' encoding to copy filtered resources.
2021-05-22 09:51:05,844 [Worker-20: Building] INFO  o.e.m.c.i.embedder.EclipseLogger - skip non existing resourceDirectory D:\EclipseProject\TestCaseProject\TestCaseProject\src\main\resources
2021-05-22 09:51:05,846 [Worker-20: Building] INFO  o.e.m.c.i.embedder.EclipseLogger - Using 'UTF-8' encoding to copy filtered resources.
2021-05-22 09:51:05,846 [Worker-20: Building] INFO  o.e.m.c.i.embedder.EclipseLogger - skip non existing resourceDirectory D:\EclipseProject\TestCaseProject\TestCaseProject\src\test\resources
2021-05-22 09:52:20,077 [Worker-20: Building] INFO  o.e.m.c.i.l.LifecycleMappingFactory - Using org.eclipse.m2e.jdt.JarLifecycleMapping lifecycle mapping for MavenProject: PragatiTraining:TestCaseProject:1.0 @ D:\EclipseProject\TestCaseProject\TestCaseProject\pom.xml.
2021-05-22 09:52:22,892 [Worker-20: Building] INFO  o.e.m.c.i.embedder.EclipseLogger - Using 'UTF-8' encoding to copy filtered resources.
2021-05-22 09:52:22,892 [Worker-20: Building] INFO  o.e.m.c.i.embedder.EclipseLogger - skip non existing resourceDirectory D:\EclipseProject\TestCaseProject\TestCaseProject\src\main\resources
2021-05-22 09:52:22,897 [Worker-20: Building] INFO  o.e.m.c.i.embedder.EclipseLogger - Using 'UTF-8' encoding to copy filtered resources.
2021-05-22 09:52:22,897 [Worker-20: Building] INFO  o.e.m.c.i.embedder.EclipseLogger - skip non existing resourceDirectory D:\EclipseProject\TestCaseProject\TestCaseProject\src\test\resources
2021-05-22 10:00:55,219 [Worker-21: Building] INFO  o.e.m.c.i.embedder.EclipseLogger - Using 'UTF-8' encoding to copy filtered resources.
2021-05-22 10:00:55,219 [Worker-21: Building] INFO  o.e.m.c.i.embedder.EclipseLogger - skip non existing resourceDirectory D:\EclipseProject\TestCaseProject\TestCaseProject\src\main\resources
2021-05-22 10:00:55,222 [Worker-21: Building] INFO  o.e.m.c.i.embedder.EclipseLogger - Using 'UTF-8' encoding to copy filtered resources.
2021-05-22 10:00:55,222 [Worker-21: Building] INFO  o.e.m.c.i.embedder.EclipseLogger - skip non existing resourceDirectory D:\EclipseProject\TestCaseProject\TestCaseProject\src\test\resources
2021-05-22 10:01:55,014 [Worker-22: Building] INFO  o.e.m.c.i.embedder.EclipseLogger - Using 'UTF-8' encoding to copy filtered resources.
2021-05-22 10:01:55,014 [Worker-22: Building] INFO  o.e.m.c.i.embedder.EclipseLogger - skip non existing resourceDirectory D:\EclipseProject\TestCaseProject\TestCaseProject\src\main\resources
2021-05-22 10:01:55,015 [Worker-22: Building] INFO  o.e.m.c.i.embedder.EclipseLogger - Using 'UTF-8' encoding to copy filtered resources.
2021-05-22 10:01:55,016 [Worker-22: Building] INFO  o.e.m.c.i.embedder.EclipseLogger - skip non existing resourceDirectory D:\EclipseProject\TestCaseProject\TestCaseProject\src\test\resources
2021-05-22 10:03:59,179 [Worker-23: Building] INFO  o.e.m.c.i.embedder.EclipseLogger - Using 'UTF-8' encoding to copy filtered resources.
2021-05-22 10:03:59,180 [Worker-23: Building] INFO  o.e.m.c.i.embedder.EclipseLogger - skip non existing resourceDirectory D:\EclipseProject\TestCaseProject\TestCaseProject\src\main\resources
2021-05-22 10:03:59,182 [Worker-23: Building] INFO  o.e.m.c.i.embedder.EclipseLogger - Using 'UTF-8' encoding to copy filtered resources.
2021-05-22 10:03:59,182 [Worker-23: Building] INFO  o.e.m.c.i.embedder.EclipseLogger - skip non existing resourceDirectory D:\EclipseProject\TestCaseProject\TestCaseProject\src\test\resources
2021-05-22 10:45:02,996 [Worker-31: Launching Executing install in D__EclipseProject_TestCaseProject_TestCaseProject] INFO  o.e.m.i.launch.MavenLaunchDelegate - D:\EclipseProject\TestCaseProject\TestCaseProject
2021-05-22 10:45:03,006 [Worker-31: Launching Executing install in D__EclipseProject_TestCaseProject_TestCaseProject] INFO  o.e.m.i.launch.MavenLaunchDelegate -  mvn -B install
2021-05-22 10:54:53,385 [Worker-37: Building] INFO  o.e.m.c.i.embedder.EclipseLogger - Using 'UTF-8' encoding to copy filtered resources.
2021-05-22 10:54:53,385 [Worker-37: Building] INFO  o.e.m.c.i.embedder.EclipseLogger - skip non existing resourceDirectory D:\EclipseProject\TestCaseProject\TestCaseProject\src\main\resources
2021-05-22 10:54:53,388 [Worker-37: Building] INFO  o.e.m.c.i.embedder.EclipseLogger - Using 'UTF-8' encoding to copy filtered resources.
2021-05-22 10:54:53,388 [Worker-37: Building] INFO  o.e.m.c.i.embedder.EclipseLogger - skip non existing resourceDirectory D:\EclipseProject\TestCaseProject\TestCaseProject\src\test\resources
2021-05-22 11:26:27,521 [Worker-45: Building] INFO  o.e.m.c.i.l.LifecycleMappingFactory - Using org.eclipse.m2e.jdt.JarLifecycleMapping lifecycle mapping for MavenProject: PragatiTraining:TestCaseProject:1.0 @ D:\EclipseProject\TestCaseProject\TestCaseProject\pom.xml.
2021-05-22 11:26:28,984 [Worker-45: Building] INFO  o.e.m.c.i.embedder.EclipseLogger - Using 'UTF-8' encoding to copy filtered resources.
2021-05-22 11:26:28,984 [Worker-45: Building] INFO  o.e.m.c.i.embedder.EclipseLogger - skip non existing resourceDirectory D:\EclipseProject\TestCaseProject\TestCaseProject\src\main\resources
2021-05-22 11:26:28,987 [Worker-45: Building] INFO  o.e.m.c.i.embedder.EclipseLogger - Using 'UTF-8' encoding to copy filtered resources.
2021-05-22 11:26:28,988 [Worker-45: Building] INFO  o.e.m.c.i.embedder.EclipseLogger - skip non existing resourceDirectory D:\EclipseProject\TestCaseProject\TestCaseProject\src\test\resources
2021-05-22 11:26:31,562 [Worker-47: Building] INFO  o.e.m.c.i.embedder.EclipseLogger - Using 'UTF-8' encoding to copy filtered resources.
2021-05-22 11:26:31,562 [Worker-47: Building] INFO  o.e.m.c.i.embedder.EclipseLogger - skip non existing resourceDirectory D:\EclipseProject\TestCaseProject\TestCaseProject\src\main\resources
2021-05-22 11:26:31,564 [Worker-47: Building] INFO  o.e.m.c.i.embedder.EclipseLogger - Using 'UTF-8' encoding to copy filtered resources.
2021-05-22 11:26:31,564 [Worker-47: Building] INFO  o.e.m.c.i.embedder.EclipseLogger - skip non existing resourceDirectory D:\EclipseProject\TestCaseProject\TestCaseProject\src\test\resources
2021-05-22 11:26:32,376 [Worker-43: Download sources and javadoc] INFO  o.e.m.c.i.e.AbstractTransferListenerAdapter - Downloaded https://repo.maven.apache.org/maven2/PragatiTraining/AutomationFrameworkAPI/2.0/AutomationFrameworkAPI-2.0-sources.jar
2021-05-22 11:26:32,463 [Worker-43: Download sources and javadoc] ERROR o.e.m.j.internal.DownloadSourcesJob - Could not download sources for PragatiTraining:AutomationFrameworkAPI:2.0
org.eclipse.core.runtime.CoreException: Could not resolve artifact PragatiTraining:AutomationFrameworkAPI:jar:sources:2.0
	at org.eclipse.m2e.core.internal.embedder.MavenImpl.lambda$4(MavenImpl.java:804)
	at org.eclipse.m2e.core.internal.embedder.MavenExecutionContext.executeBare(MavenExecutionContext.java:179)
	at org.eclipse.m2e.core.internal.embedder.MavenExecutionContext.execute(MavenExecutionContext.java:114)
	at org.eclipse.m2e.core.internal.embedder.MavenExecutionContext.execute(MavenExecutionContext.java:101)
	at org.eclipse.m2e.core.internal.embedder.MavenImpl.resolve(MavenImpl.java:772)
	at org.eclipse.m2e.core.internal.embedder.MavenImpl.resolve(MavenImpl.java:749)
	at org.eclipse.m2e.jdt.internal.DownloadSourcesJob.download(DownloadSourcesJob.java:330)
	at org.eclipse.m2e.jdt.internal.DownloadSourcesJob.downloadAttachments(DownloadSourcesJob.java:304)
	at org.eclipse.m2e.jdt.internal.DownloadSourcesJob.downloadMaven(DownloadSourcesJob.java:269)
	at org.eclipse.m2e.jdt.internal.DownloadSourcesJob.downloadFilesAndPopulateToUpdate(DownloadSourcesJob.java:233)
	at org.eclipse.m2e.jdt.internal.DownloadSourcesJob.lambda$0(DownloadSourcesJob.java:161)
	at org.eclipse.m2e.core.internal.embedder.MavenExecutionContext.executeBare(MavenExecutionContext.java:179)
	at org.eclipse.m2e.core.internal.embedder.MavenExecutionContext.execute(MavenExecutionContext.java:153)
	at org.eclipse.m2e.core.internal.embedder.MavenExecutionContext.execute(MavenExecutionContext.java:101)
	at org.eclipse.m2e.core.internal.embedder.MavenImpl.execute(MavenImpl.java:1374)
	at org.eclipse.m2e.jdt.internal.DownloadSourcesJob.run(DownloadSourcesJob.java:161)
	at org.eclipse.core.internal.jobs.Worker.run(Worker.java:63)
2021-05-22 11:32:25,750 [Worker-48: Building] INFO  o.e.m.c.i.l.LifecycleMappingFactory - Using org.eclipse.m2e.jdt.JarLifecycleMapping lifecycle mapping for MavenProject: PragatiTraining:TestCaseProject:1.0 @ D:\EclipseProject\TestCaseProject\TestCaseProject\pom.xml.
2021-05-22 11:32:26,783 [Worker-48: Building] INFO  o.e.m.c.i.embedder.EclipseLogger - Using 'UTF-8' encoding to copy filtered resources.
2021-05-22 11:32:26,784 [Worker-48: Building] INFO  o.e.m.c.i.embedder.EclipseLogger - skip non existing resourceDirectory D:\EclipseProject\TestCaseProject\TestCaseProject\src\main\resources
2021-05-22 11:32:26,787 [Worker-48: Building] INFO  o.e.m.c.i.embedder.EclipseLogger - Using 'UTF-8' encoding to copy filtered resources.
2021-05-22 11:32:26,787 [Worker-48: Building] INFO  o.e.m.c.i.embedder.EclipseLogger - skip non existing resourceDirectory D:\EclipseProject\TestCaseProject\TestCaseProject\src\test\resources
2021-05-22 11:32:29,944 [Worker-52: Building] INFO  o.e.m.c.i.embedder.EclipseLogger - Using 'UTF-8' encoding to copy filtered resources.
2021-05-22 11:32:29,945 [Worker-52: Building] INFO  o.e.m.c.i.embedder.EclipseLogger - skip non existing resourceDirectory D:\EclipseProject\TestCaseProject\TestCaseProject\src\main\resources
2021-05-22 11:32:29,947 [Worker-52: Building] INFO  o.e.m.c.i.embedder.EclipseLogger - Using 'UTF-8' encoding to copy filtered resources.
2021-05-22 11:32:29,947 [Worker-52: Building] INFO  o.e.m.c.i.embedder.EclipseLogger - skip non existing resourceDirectory D:\EclipseProject\TestCaseProject\TestCaseProject\src\test\resources
2021-05-22 11:32:30,510 [Worker-49: Download sources and javadoc] INFO  o.e.m.c.i.e.AbstractTransferListenerAdapter - Downloaded https://repo.maven.apache.org/maven2/PragatiTraining/AutomationFrameworkAPI/3.0/AutomationFrameworkAPI-3.0-sources.jar
2021-05-22 11:32:30,515 [Worker-49: Download sources and javadoc] ERROR o.e.m.j.internal.DownloadSourcesJob - Could not download sources for PragatiTraining:AutomationFrameworkAPI:3.0
org.eclipse.core.runtime.CoreException: Could not resolve artifact PragatiTraining:AutomationFrameworkAPI:jar:sources:3.0
	at org.eclipse.m2e.core.internal.embedder.MavenImpl.lambda$4(MavenImpl.java:804)
	at org.eclipse.m2e.core.internal.embedder.MavenExecutionContext.executeBare(MavenExecutionContext.java:179)
	at org.eclipse.m2e.core.internal.embedder.MavenExecutionContext.execute(MavenExecutionContext.java:114)
	at org.eclipse.m2e.core.internal.embedder.MavenExecutionContext.execute(MavenExecutionContext.java:101)
	at org.eclipse.m2e.core.internal.embedder.MavenImpl.resolve(MavenImpl.java:772)
	at org.eclipse.m2e.core.internal.embedder.MavenImpl.resolve(MavenImpl.java:749)
	at org.eclipse.m2e.jdt.internal.DownloadSourcesJob.download(DownloadSourcesJob.java:330)
	at org.eclipse.m2e.jdt.internal.DownloadSourcesJob.downloadAttachments(DownloadSourcesJob.java:304)
	at org.eclipse.m2e.jdt.internal.DownloadSourcesJob.downloadMaven(DownloadSourcesJob.java:269)
	at org.eclipse.m2e.jdt.internal.DownloadSourcesJob.downloadFilesAndPopulateToUpdate(DownloadSourcesJob.java:233)
	at org.eclipse.m2e.jdt.internal.DownloadSourcesJob.lambda$0(DownloadSourcesJob.java:161)
	at org.eclipse.m2e.core.internal.embedder.MavenExecutionContext.executeBare(MavenExecutionContext.java:179)
	at org.eclipse.m2e.core.internal.embedder.MavenExecutionContext.execute(MavenExecutionContext.java:153)
	at org.eclipse.m2e.core.internal.embedder.MavenExecutionContext.execute(MavenExecutionContext.java:101)
	at org.eclipse.m2e.core.internal.embedder.MavenImpl.execute(MavenImpl.java:1374)
	at org.eclipse.m2e.jdt.internal.DownloadSourcesJob.run(DownloadSourcesJob.java:161)
	at org.eclipse.core.internal.jobs.Worker.run(Worker.java:63)
2021-05-22 11:32:37,503 [Worker-51: Launching Executing install in D__EclipseProject_TestCaseProject_TestCaseProject] INFO  o.e.m.i.launch.MavenLaunchDelegate - D:\EclipseProject\TestCaseProject\TestCaseProject
2021-05-22 11:32:37,503 [Worker-51: Launching Executing install in D__EclipseProject_TestCaseProject_TestCaseProject] INFO  o.e.m.i.launch.MavenLaunchDelegate -  mvn -B install
2021-05-22 11:32:53,819 [Worker-49: Building] INFO  o.e.m.c.i.embedder.EclipseLogger - Using 'UTF-8' encoding to copy filtered resources.
2021-05-22 11:32:53,820 [Worker-49: Building] INFO  o.e.m.c.i.embedder.EclipseLogger - skip non existing resourceDirectory D:\EclipseProject\TestCaseProject\TestCaseProject\src\main\resources
2021-05-22 11:32:53,823 [Worker-49: Building] INFO  o.e.m.c.i.embedder.EclipseLogger - Using 'UTF-8' encoding to copy filtered resources.
2021-05-22 11:32:53,823 [Worker-49: Building] INFO  o.e.m.c.i.embedder.EclipseLogger - skip non existing resourceDirectory D:\EclipseProject\TestCaseProject\TestCaseProject\src\test\resources
2021-05-22 11:34:03,362 [main] INFO  o.e.m2e.actions.ExecutePomAction - Creating new launch configuration
2021-05-22 11:34:09,585 [Worker-52: Launching TestCaseProject] INFO  o.e.m.i.launch.MavenLaunchDelegate - D:\EclipseProject\TestCaseProject\TestCaseProject
2021-05-22 11:34:09,585 [Worker-52: Launching TestCaseProject] INFO  o.e.m.i.launch.MavenLaunchDelegate -  mvn -B install
2021-05-22 11:35:57,793 [Worker-52: Building] INFO  o.e.m.c.i.l.LifecycleMappingFactory - Using org.eclipse.m2e.jdt.JarLifecycleMapping lifecycle mapping for MavenProject: PragatiTraining:TestCaseProject:1.0 @ D:\EclipseProject\TestCaseProject\TestCaseProject\pom.xml.
2021-05-22 11:35:58,499 [Worker-52: Building] INFO  o.e.m.c.i.embedder.EclipseLogger - Using 'UTF-8' encoding to copy filtered resources.
2021-05-22 11:35:58,500 [Worker-52: Building] INFO  o.e.m.c.i.embedder.EclipseLogger - skip non existing resourceDirectory D:\EclipseProject\TestCaseProject\TestCaseProject\src\main\resources
2021-05-22 11:35:58,504 [Worker-52: Building] INFO  o.e.m.c.i.embedder.EclipseLogger - Using 'UTF-8' encoding to copy filtered resources.
2021-05-22 11:35:58,505 [Worker-52: Building] INFO  o.e.m.c.i.embedder.EclipseLogger - skip non existing resourceDirectory D:\EclipseProject\TestCaseProject\TestCaseProject\src\test\resources
2021-05-22 11:36:00,773 [Worker-50: Download sources and javadoc] INFO  o.e.m.c.i.e.AbstractTransferListenerAdapter - Downloaded https://repo.maven.apache.org/maven2/PragatiTraining/AutomationFrameworkAPI/4.0/AutomationFrameworkAPI-4.0-sources.jar
2021-05-22 11:36:00,815 [Worker-50: Download sources and javadoc] ERROR o.e.m.j.internal.DownloadSourcesJob - Could not download sources for PragatiTraining:AutomationFrameworkAPI:4.0
org.eclipse.core.runtime.CoreException: Could not resolve artifact PragatiTraining:AutomationFrameworkAPI:jar:sources:4.0
	at org.eclipse.m2e.core.internal.embedder.MavenImpl.lambda$4(MavenImpl.java:804)
	at org.eclipse.m2e.core.internal.embedder.MavenExecutionContext.executeBare(MavenExecutionContext.java:179)
	at org.eclipse.m2e.core.internal.embedder.MavenExecutionContext.execute(MavenExecutionContext.java:114)
	at org.eclipse.m2e.core.internal.embedder.MavenExecutionContext.execute(MavenExecutionContext.java:101)
	at org.eclipse.m2e.core.internal.embedder.MavenImpl.resolve(MavenImpl.java:772)
	at org.eclipse.m2e.core.internal.embedder.MavenImpl.resolve(MavenImpl.java:749)
	at org.eclipse.m2e.jdt.internal.DownloadSourcesJob.download(DownloadSourcesJob.java:330)
	at org.eclipse.m2e.jdt.internal.DownloadSourcesJob.downloadAttachments(DownloadSourcesJob.java:304)
	at org.eclipse.m2e.jdt.internal.DownloadSourcesJob.downloadMaven(DownloadSourcesJob.java:269)
	at org.eclipse.m2e.jdt.internal.DownloadSourcesJob.downloadFilesAndPopulateToUpdate(DownloadSourcesJob.java:233)
	at org.eclipse.m2e.jdt.internal.DownloadSourcesJob.lambda$0(DownloadSourcesJob.java:161)
	at org.eclipse.m2e.core.internal.embedder.MavenExecutionContext.executeBare(MavenExecutionContext.java:179)
	at org.eclipse.m2e.core.internal.embedder.MavenExecutionContext.execute(MavenExecutionContext.java:153)
	at org.eclipse.m2e.core.internal.embedder.MavenExecutionContext.execute(MavenExecutionContext.java:101)
	at org.eclipse.m2e.core.internal.embedder.MavenImpl.execute(MavenImpl.java:1374)
	at org.eclipse.m2e.jdt.internal.DownloadSourcesJob.run(DownloadSourcesJob.java:161)
	at org.eclipse.core.internal.jobs.Worker.run(Worker.java:63)
2021-05-22 11:36:00,927 [Worker-56: Building] INFO  o.e.m.c.i.embedder.EclipseLogger - Using 'UTF-8' encoding to copy filtered resources.
2021-05-22 11:36:00,928 [Worker-56: Building] INFO  o.e.m.c.i.embedder.EclipseLogger - skip non existing resourceDirectory D:\EclipseProject\TestCaseProject\TestCaseProject\src\main\resources
2021-05-22 11:36:00,929 [Worker-56: Building] INFO  o.e.m.c.i.embedder.EclipseLogger - Using 'UTF-8' encoding to copy filtered resources.
2021-05-22 11:36:00,929 [Worker-56: Building] INFO  o.e.m.c.i.embedder.EclipseLogger - skip non existing resourceDirectory D:\EclipseProject\TestCaseProject\TestCaseProject\src\test\resources
2021-05-22 11:36:04,563 [Worker-52: Launching Executing install in D__EclipseProject_TestCaseProject_TestCaseProject] INFO  o.e.m.i.launch.MavenLaunchDelegate - D:\EclipseProject\TestCaseProject\TestCaseProject
2021-05-22 11:36:04,564 [Worker-52: Launching Executing install in D__EclipseProject_TestCaseProject_TestCaseProject] INFO  o.e.m.i.launch.MavenLaunchDelegate -  mvn -B install
2021-05-22 11:36:15,847 [Worker-50: Building] INFO  o.e.m.c.i.embedder.EclipseLogger - Using 'UTF-8' encoding to copy filtered resources.
2021-05-22 11:36:15,848 [Worker-50: Building] INFO  o.e.m.c.i.embedder.EclipseLogger - skip non existing resourceDirectory D:\EclipseProject\TestCaseProject\TestCaseProject\src\main\resources
2021-05-22 11:36:15,851 [Worker-50: Building] INFO  o.e.m.c.i.embedder.EclipseLogger - Using 'UTF-8' encoding to copy filtered resources.
2021-05-22 11:36:15,851 [Worker-50: Building] INFO  o.e.m.c.i.embedder.EclipseLogger - skip non existing resourceDirectory D:\EclipseProject\TestCaseProject\TestCaseProject\src\test\resources
2021-05-22 11:38:52,315 [Worker-54: Building] INFO  o.e.m.c.i.embedder.EclipseLogger - Using 'UTF-8' encoding to copy filtered resources.
2021-05-22 11:38:52,315 [Worker-54: Building] INFO  o.e.m.c.i.embedder.EclipseLogger - skip non existing resourceDirectory D:\EclipseProject\TestCaseProject\TestCaseProject\src\main\resources
2021-05-22 11:38:52,318 [Worker-54: Building] INFO  o.e.m.c.i.embedder.EclipseLogger - Using 'UTF-8' encoding to copy filtered resources.
2021-05-22 11:38:52,318 [Worker-54: Building] INFO  o.e.m.c.i.embedder.EclipseLogger - skip non existing resourceDirectory D:\EclipseProject\TestCaseProject\TestCaseProject\src\test\resources
2021-05-22 11:40:01,231 [main] INFO  o.e.m2e.actions.ExecutePomAction - Creating new launch configuration
2021-05-22 11:40:07,139 [Worker-55: Launching TestCaseProject (1)] INFO  o.e.m.i.launch.MavenLaunchDelegate - D:\EclipseProject\TestCaseProject\TestCaseProject
2021-05-22 11:40:07,139 [Worker-55: Launching TestCaseProject (1)] INFO  o.e.m.i.launch.MavenLaunchDelegate -  mvn -B compile
2021-05-22 11:40:22,455 [Worker-55: Launching Executing install in D__EclipseProject_TestCaseProject_TestCaseProject] INFO  o.e.m.i.launch.MavenLaunchDelegate - D:\EclipseProject\TestCaseProject\TestCaseProject
2021-05-22 11:40:22,456 [Worker-55: Launching Executing install in D__EclipseProject_TestCaseProject_TestCaseProject] INFO  o.e.m.i.launch.MavenLaunchDelegate -  mvn -B install
2021-05-22 11:40:34,526 [Worker-55: Building] INFO  o.e.m.c.i.embedder.EclipseLogger - Using 'UTF-8' encoding to copy filtered resources.
2021-05-22 11:40:34,526 [Worker-55: Building] INFO  o.e.m.c.i.embedder.EclipseLogger - skip non existing resourceDirectory D:\EclipseProject\TestCaseProject\TestCaseProject\src\main\resources
2021-05-22 11:40:34,528 [Worker-55: Building] INFO  o.e.m.c.i.embedder.EclipseLogger - Using 'UTF-8' encoding to copy filtered resources.
2021-05-22 11:40:34,528 [Worker-55: Building] INFO  o.e.m.c.i.embedder.EclipseLogger - skip non existing resourceDirectory D:\EclipseProject\TestCaseProject\TestCaseProject\src\test\resources
2021-05-22 11:41:09,117 [main] INFO  o.e.m2e.actions.ExecutePomAction - Creating new launch configuration
2021-05-22 11:41:15,748 [Worker-55: Launching TestCaseProject (2)] INFO  o.e.m.i.launch.MavenLaunchDelegate - D:\EclipseProject\TestCaseProject\TestCaseProject
2021-05-22 11:41:15,749 [Worker-55: Launching TestCaseProject (2)] INFO  o.e.m.i.launch.MavenLaunchDelegate -  mvn -B install
2021-05-22 11:42:00,499 [Worker-54: Building] INFO  o.e.m.c.i.l.LifecycleMappingFactory - Using org.eclipse.m2e.jdt.JarLifecycleMapping lifecycle mapping for MavenProject: PragatiTraining:TestCaseProject:1.0 @ D:\EclipseProject\TestCaseProject\TestCaseProject\pom.xml.
2021-05-22 11:42:02,774 [Worker-54: Building] INFO  o.e.m.c.i.e.AbstractTransferListenerAdapter - Downloaded https://repo.maven.apache.org/maven2/org/testng/testng/7.4.1/testng-7.4.1.pom
2021-05-22 11:42:02,778 [Worker-54: Building] WARN  o.e.m.c.i.embedder.EclipseLogger - The POM for org.testng:testng:jar:7.4.1 is missing, no dependency information available
2021-05-22 11:42:03,297 [Worker-54: Building] INFO  o.e.m.c.i.e.AbstractTransferListenerAdapter - Downloaded https://repo.maven.apache.org/maven2/org/testng/testng/7.4.1/testng-7.4.1.jar
2021-05-22 11:42:03,810 [Worker-54: Building] INFO  o.e.m.c.i.embedder.EclipseLogger - Using 'UTF-8' encoding to copy filtered resources.
2021-05-22 11:42:03,812 [Worker-54: Building] INFO  o.e.m.c.i.embedder.EclipseLogger - skip non existing resourceDirectory D:\EclipseProject\TestCaseProject\TestCaseProject\src\main\resources
2021-05-22 11:42:03,814 [Worker-54: Building] INFO  o.e.m.c.i.embedder.EclipseLogger - Using 'UTF-8' encoding to copy filtered resources.
2021-05-22 11:42:03,815 [Worker-54: Building] INFO  o.e.m.c.i.embedder.EclipseLogger - skip non existing resourceDirectory D:\EclipseProject\TestCaseProject\TestCaseProject\src\test\resources
2021-05-22 11:42:04,518 [Worker-60: Download sources and javadoc] WARN  o.e.m.c.i.embedder.EclipseLogger - The POM for org.testng:testng:jar:7.4.1 is missing, no dependency information available
2021-05-22 11:42:06,033 [Worker-60: Download sources and javadoc] INFO  o.e.m.c.i.e.AbstractTransferListenerAdapter - Downloaded https://repo.maven.apache.org/maven2/org/testng/testng/7.4.1/testng-7.4.1-sources.jar
2021-05-22 11:42:06,042 [Worker-60: Download sources and javadoc] ERROR o.e.m.j.internal.DownloadSourcesJob - Could not download sources for org.testng:testng:7.4.1
org.eclipse.core.runtime.CoreException: Could not resolve artifact org.testng:testng:jar:sources:7.4.1
	at org.eclipse.m2e.core.internal.embedder.MavenImpl.lambda$4(MavenImpl.java:804)
	at org.eclipse.m2e.core.internal.embedder.MavenExecutionContext.executeBare(MavenExecutionContext.java:179)
	at org.eclipse.m2e.core.internal.embedder.MavenExecutionContext.execute(MavenExecutionContext.java:114)
	at org.eclipse.m2e.core.internal.embedder.MavenExecutionContext.execute(MavenExecutionContext.java:101)
	at org.eclipse.m2e.core.internal.embedder.MavenImpl.resolve(MavenImpl.java:772)
	at org.eclipse.m2e.core.internal.embedder.MavenImpl.resolve(MavenImpl.java:749)
	at org.eclipse.m2e.jdt.internal.DownloadSourcesJob.download(DownloadSourcesJob.java:330)
	at org.eclipse.m2e.jdt.internal.DownloadSourcesJob.downloadAttachments(DownloadSourcesJob.java:304)
	at org.eclipse.m2e.jdt.internal.DownloadSourcesJob.downloadMaven(DownloadSourcesJob.java:269)
	at org.eclipse.m2e.jdt.internal.DownloadSourcesJob.downloadFilesAndPopulateToUpdate(DownloadSourcesJob.java:233)
	at org.eclipse.m2e.jdt.internal.DownloadSourcesJob.lambda$0(DownloadSourcesJob.java:161)
	at org.eclipse.m2e.core.internal.embedder.MavenExecutionContext.executeBare(MavenExecutionContext.java:179)
	at org.eclipse.m2e.core.internal.embedder.MavenExecutionContext.execute(MavenExecutionContext.java:153)
	at org.eclipse.m2e.core.internal.embedder.MavenExecutionContext.execute(MavenExecutionContext.java:101)
	at org.eclipse.m2e.core.internal.embedder.MavenImpl.execute(MavenImpl.java:1374)
	at org.eclipse.m2e.jdt.internal.DownloadSourcesJob.run(DownloadSourcesJob.java:161)
	at org.eclipse.core.internal.jobs.Worker.run(Worker.java:63)
2021-05-22 11:42:07,375 [Worker-60: Download sources and javadoc] INFO  o.e.m.c.i.e.AbstractTransferListenerAdapter - Downloaded https://repo.maven.apache.org/maven2/PragatiTraining/AutomationFrameworkAPI/4.0/AutomationFrameworkAPI-4.0-javadoc.jar
2021-05-22 11:42:07,384 [Worker-60: Download sources and javadoc] ERROR o.e.m.j.internal.DownloadSourcesJob - Could not download javadoc for PragatiTraining:AutomationFrameworkAPI:4.0
org.eclipse.core.runtime.CoreException: Could not resolve artifact PragatiTraining:AutomationFrameworkAPI:jar:javadoc:4.0
	at org.eclipse.m2e.core.internal.embedder.MavenImpl.lambda$4(MavenImpl.java:804)
	at org.eclipse.m2e.core.internal.embedder.MavenExecutionContext.executeBare(MavenExecutionContext.java:179)
	at org.eclipse.m2e.core.internal.embedder.MavenExecutionContext.execute(MavenExecutionContext.java:114)
	at org.eclipse.m2e.core.internal.embedder.MavenExecutionContext.execute(MavenExecutionContext.java:101)
	at org.eclipse.m2e.core.internal.embedder.MavenImpl.resolve(MavenImpl.java:772)
	at org.eclipse.m2e.core.internal.embedder.MavenImpl.resolve(MavenImpl.java:749)
	at org.eclipse.m2e.jdt.internal.DownloadSourcesJob.download(DownloadSourcesJob.java:330)
	at org.eclipse.m2e.jdt.internal.DownloadSourcesJob.downloadAttachments(DownloadSourcesJob.java:316)
	at org.eclipse.m2e.jdt.internal.DownloadSourcesJob.downloadMaven(DownloadSourcesJob.java:269)
	at org.eclipse.m2e.jdt.internal.DownloadSourcesJob.downloadFilesAndPopulateToUpdate(DownloadSourcesJob.java:233)
	at org.eclipse.m2e.jdt.internal.DownloadSourcesJob.lambda$0(DownloadSourcesJob.java:161)
	at org.eclipse.m2e.core.internal.embedder.MavenExecutionContext.executeBare(MavenExecutionContext.java:179)
	at org.eclipse.m2e.core.internal.embedder.MavenExecutionContext.execute(MavenExecutionContext.java:153)
	at org.eclipse.m2e.core.internal.embedder.MavenExecutionContext.execute(MavenExecutionContext.java:101)
	at org.eclipse.m2e.core.internal.embedder.MavenImpl.execute(MavenImpl.java:1374)
	at org.eclipse.m2e.jdt.internal.DownloadSourcesJob.run(DownloadSourcesJob.java:161)
	at org.eclipse.core.internal.jobs.Worker.run(Worker.java:63)
2021-05-22 11:42:08,831 [Worker-58: Launching Executing install in D__EclipseProject_TestCaseProject_TestCaseProject] INFO  o.e.m.i.launch.MavenLaunchDelegate - D:\EclipseProject\TestCaseProject\TestCaseProject
2021-05-22 11:42:08,831 [Worker-58: Launching Executing install in D__EclipseProject_TestCaseProject_TestCaseProject] INFO  o.e.m.i.launch.MavenLaunchDelegate -  mvn -B install
2021-05-22 11:42:13,489 [Worker-60: Building] INFO  o.e.m.c.i.embedder.EclipseLogger - Using 'UTF-8' encoding to copy filtered resources.
2021-05-22 11:42:13,490 [Worker-60: Building] INFO  o.e.m.c.i.embedder.EclipseLogger - skip non existing resourceDirectory D:\EclipseProject\TestCaseProject\TestCaseProject\src\main\resources
2021-05-22 11:42:13,492 [Worker-60: Building] INFO  o.e.m.c.i.embedder.EclipseLogger - Using 'UTF-8' encoding to copy filtered resources.
2021-05-22 11:42:13,492 [Worker-60: Building] INFO  o.e.m.c.i.embedder.EclipseLogger - skip non existing resourceDirectory D:\EclipseProject\TestCaseProject\TestCaseProject\src\test\resources
2021-05-22 11:42:42,669 [Worker-60: Building] INFO  o.e.m.c.i.l.LifecycleMappingFactory - Using org.eclipse.m2e.jdt.JarLifecycleMapping lifecycle mapping for MavenProject: PragatiTraining:TestCaseProject:1.0 @ D:\EclipseProject\TestCaseProject\TestCaseProject\pom.xml.
2021-05-22 11:42:43,293 [Worker-60: Building] INFO  o.e.m.c.i.embedder.EclipseLogger - Using 'UTF-8' encoding to copy filtered resources.
2021-05-22 11:42:43,293 [Worker-60: Building] INFO  o.e.m.c.i.embedder.EclipseLogger - skip non existing resourceDirectory D:\EclipseProject\TestCaseProject\TestCaseProject\src\main\resources
2021-05-22 11:42:43,295 [Worker-60: Building] INFO  o.e.m.c.i.embedder.EclipseLogger - Using 'UTF-8' encoding to copy filtered resources.
2021-05-22 11:42:43,296 [Worker-60: Building] INFO  o.e.m.c.i.embedder.EclipseLogger - skip non existing resourceDirectory D:\EclipseProject\TestCaseProject\TestCaseProject\src\test\resources
2021-05-22 11:42:45,159 [Worker-59: Building] INFO  o.e.m.c.i.embedder.EclipseLogger - Using 'UTF-8' encoding to copy filtered resources.
2021-05-22 11:42:45,159 [Worker-59: Building] INFO  o.e.m.c.i.embedder.EclipseLogger - skip non existing resourceDirectory D:\EclipseProject\TestCaseProject\TestCaseProject\src\main\resources
2021-05-22 11:42:45,162 [Worker-59: Building] INFO  o.e.m.c.i.embedder.EclipseLogger - Using 'UTF-8' encoding to copy filtered resources.
2021-05-22 11:42:45,164 [Worker-59: Building] INFO  o.e.m.c.i.embedder.EclipseLogger - skip non existing resourceDirectory D:\EclipseProject\TestCaseProject\TestCaseProject\src\test\resources
2021-05-22 11:42:50,218 [Worker-50: Launching Executing install in D__EclipseProject_TestCaseProject_TestCaseProject] INFO  o.e.m.i.launch.MavenLaunchDelegate - D:\EclipseProject\TestCaseProject\TestCaseProject
2021-05-22 11:42:50,218 [Worker-50: Launching Executing install in D__EclipseProject_TestCaseProject_TestCaseProject] INFO  o.e.m.i.launch.MavenLaunchDelegate -  mvn -B install
2021-05-22 11:43:05,353 [Worker-54: Building] INFO  o.e.m.c.i.embedder.EclipseLogger - Using 'UTF-8' encoding to copy filtered resources.
2021-05-22 11:43:05,354 [Worker-54: Building] INFO  o.e.m.c.i.embedder.EclipseLogger - skip non existing resourceDirectory D:\EclipseProject\TestCaseProject\TestCaseProject\src\main\resources
2021-05-22 11:43:05,357 [Worker-54: Building] INFO  o.e.m.c.i.embedder.EclipseLogger - Using 'UTF-8' encoding to copy filtered resources.
2021-05-22 11:43:05,357 [Worker-54: Building] INFO  o.e.m.c.i.embedder.EclipseLogger - skip non existing resourceDirectory D:\EclipseProject\TestCaseProject\TestCaseProject\src\test\resources
2021-05-22 11:43:20,885 [Worker-58: Building] INFO  o.e.m.c.i.l.LifecycleMappingFactory - Using org.eclipse.m2e.jdt.JarLifecycleMapping lifecycle mapping for MavenProject: PragatiTraining:TestCaseProject:1.0 @ D:\EclipseProject\TestCaseProject\TestCaseProject\pom.xml.
2021-05-22 11:43:21,531 [Worker-58: Building] INFO  o.e.m.c.i.embedder.EclipseLogger - Using 'UTF-8' encoding to copy filtered resources.
2021-05-22 11:43:21,532 [Worker-58: Building] INFO  o.e.m.c.i.embedder.EclipseLogger - skip non existing resourceDirectory D:\EclipseProject\TestCaseProject\TestCaseProject\src\main\resources
2021-05-22 11:43:21,534 [Worker-58: Building] INFO  o.e.m.c.i.embedder.EclipseLogger - Using 'UTF-8' encoding to copy filtered resources.
2021-05-22 11:43:21,535 [Worker-58: Building] INFO  o.e.m.c.i.embedder.EclipseLogger - skip non existing resourceDirectory D:\EclipseProject\TestCaseProject\TestCaseProject\src\test\resources
2021-05-22 11:43:23,266 [Worker-59: Building] INFO  o.e.m.c.i.embedder.EclipseLogger - Using 'UTF-8' encoding to copy filtered resources.
2021-05-22 11:43:23,267 [Worker-59: Building] INFO  o.e.m.c.i.embedder.EclipseLogger - skip non existing resourceDirectory D:\EclipseProject\TestCaseProject\TestCaseProject\src\main\resources
2021-05-22 11:43:23,269 [Worker-59: Building] INFO  o.e.m.c.i.embedder.EclipseLogger - Using 'UTF-8' encoding to copy filtered resources.
2021-05-22 11:43:23,269 [Worker-59: Building] INFO  o.e.m.c.i.embedder.EclipseLogger - skip non existing resourceDirectory D:\EclipseProject\TestCaseProject\TestCaseProject\src\test\resources
2021-05-22 11:43:24,386 [Worker-60: Download sources and javadoc] INFO  o.e.m.c.i.e.AbstractTransferListenerAdapter - Downloaded https://repo.maven.apache.org/maven2/PragatiTraining/AutomationFrameworkAPI/6.0/AutomationFrameworkAPI-6.0-sources.jar
2021-05-22 11:43:24,394 [Worker-60: Download sources and javadoc] ERROR o.e.m.j.internal.DownloadSourcesJob - Could not download sources for PragatiTraining:AutomationFrameworkAPI:6.0
org.eclipse.core.runtime.CoreException: Could not resolve artifact PragatiTraining:AutomationFrameworkAPI:jar:sources:6.0
	at org.eclipse.m2e.core.internal.embedder.MavenImpl.lambda$4(MavenImpl.java:804)
	at org.eclipse.m2e.core.internal.embedder.MavenExecutionContext.executeBare(MavenExecutionContext.java:179)
	at org.eclipse.m2e.core.internal.embedder.MavenExecutionContext.execute(MavenExecutionContext.java:114)
	at org.eclipse.m2e.core.internal.embedder.MavenExecutionContext.execute(MavenExecutionContext.java:101)
	at org.eclipse.m2e.core.internal.embedder.MavenImpl.resolve(MavenImpl.java:772)
	at org.eclipse.m2e.core.internal.embedder.MavenImpl.resolve(MavenImpl.java:749)
	at org.eclipse.m2e.jdt.internal.DownloadSourcesJob.download(DownloadSourcesJob.java:330)
	at org.eclipse.m2e.jdt.internal.DownloadSourcesJob.downloadAttachments(DownloadSourcesJob.java:304)
	at org.eclipse.m2e.jdt.internal.DownloadSourcesJob.downloadMaven(DownloadSourcesJob.java:269)
	at org.eclipse.m2e.jdt.internal.DownloadSourcesJob.downloadFilesAndPopulateToUpdate(DownloadSourcesJob.java:233)
	at org.eclipse.m2e.jdt.internal.DownloadSourcesJob.lambda$0(DownloadSourcesJob.java:161)
	at org.eclipse.m2e.core.internal.embedder.MavenExecutionContext.executeBare(MavenExecutionContext.java:179)
	at org.eclipse.m2e.core.internal.embedder.MavenExecutionContext.execute(MavenExecutionContext.java:153)
	at org.eclipse.m2e.core.internal.embedder.MavenExecutionContext.execute(MavenExecutionContext.java:101)
	at org.eclipse.m2e.core.internal.embedder.MavenImpl.execute(MavenImpl.java:1374)
	at org.eclipse.m2e.jdt.internal.DownloadSourcesJob.run(DownloadSourcesJob.java:161)
	at org.eclipse.core.internal.jobs.Worker.run(Worker.java:63)
2021-05-22 11:43:27,716 [Worker-58: Launching Executing install in D__EclipseProject_TestCaseProject_TestCaseProject] INFO  o.e.m.i.launch.MavenLaunchDelegate - D:\EclipseProject\TestCaseProject\TestCaseProject
2021-05-22 11:43:27,716 [Worker-58: Launching Executing install in D__EclipseProject_TestCaseProject_TestCaseProject] INFO  o.e.m.i.launch.MavenLaunchDelegate -  mvn -B install
2021-05-22 11:43:38,300 [Worker-54: Building] INFO  o.e.m.c.i.embedder.EclipseLogger - Using 'UTF-8' encoding to copy filtered resources.
2021-05-22 11:43:38,300 [Worker-54: Building] INFO  o.e.m.c.i.embedder.EclipseLogger - skip non existing resourceDirectory D:\EclipseProject\TestCaseProject\TestCaseProject\src\main\resources
2021-05-22 11:43:38,303 [Worker-54: Building] INFO  o.e.m.c.i.embedder.EclipseLogger - Using 'UTF-8' encoding to copy filtered resources.
2021-05-22 11:43:38,303 [Worker-54: Building] INFO  o.e.m.c.i.embedder.EclipseLogger - skip non existing resourceDirectory D:\EclipseProject\TestCaseProject\TestCaseProject\src\test\resources
2021-05-22 11:44:10,049 [Worker-59: Updating Maven Project] INFO  o.e.m.c.i.p.ProjectConfigurationManager - Update started
2021-05-22 11:44:10,625 [Worker-59: Updating Maven Project] INFO  o.e.m.c.i.l.LifecycleMappingFactory - Using org.eclipse.m2e.jdt.JarLifecycleMapping lifecycle mapping for MavenProject: PragatiTraining:TestCaseProject:1.0 @ D:\EclipseProject\TestCaseProject\TestCaseProject\pom.xml.
2021-05-22 11:44:11,331 [Worker-59: Updating Maven Project] INFO  o.e.m.j.i.AbstractJavaProjectConfigurator - Adding source folder /TestCaseProject/src/main/java
2021-05-22 11:44:11,333 [Worker-59: Updating Maven Project] INFO  o.e.m.j.i.AbstractJavaProjectConfigurator - Adding source folder /TestCaseProject/src/test/java
2021-05-22 11:44:11,715 [Worker-59: Updating Maven Project] INFO  o.e.m.c.i.p.ProjectConfigurationManager - Update completed: 1 sec
2021-05-22 11:44:12,074 [Worker-58: Building] INFO  o.e.m.c.i.embedder.EclipseLogger - Using 'UTF-8' encoding to copy filtered resources.
2021-05-22 11:44:12,074 [Worker-58: Building] INFO  o.e.m.c.i.embedder.EclipseLogger - skip non existing resourceDirectory D:\EclipseProject\TestCaseProject\TestCaseProject\src\main\resources
2021-05-22 11:44:12,076 [Worker-58: Building] INFO  o.e.m.c.i.embedder.EclipseLogger - Using 'UTF-8' encoding to copy filtered resources.
2021-05-22 11:44:12,077 [Worker-58: Building] INFO  o.e.m.c.i.embedder.EclipseLogger - skip non existing resourceDirectory D:\EclipseProject\TestCaseProject\TestCaseProject\src\test\resources
2021-05-22 11:44:13,277 [Worker-50: Download sources and javadoc] INFO  o.e.m.c.i.e.AbstractTransferListenerAdapter - Downloaded https://repo.maven.apache.org/maven2/PragatiTraining/AutomationFrameworkAPI/6.0/AutomationFrameworkAPI-6.0-javadoc.jar
2021-05-22 11:44:13,285 [Worker-50: Download sources and javadoc] ERROR o.e.m.j.internal.DownloadSourcesJob - Could not download javadoc for PragatiTraining:AutomationFrameworkAPI:6.0
org.eclipse.core.runtime.CoreException: Could not resolve artifact PragatiTraining:AutomationFrameworkAPI:jar:javadoc:6.0
	at org.eclipse.m2e.core.internal.embedder.MavenImpl.lambda$4(MavenImpl.java:804)
	at org.eclipse.m2e.core.internal.embedder.MavenExecutionContext.executeBare(MavenExecutionContext.java:179)
	at org.eclipse.m2e.core.internal.embedder.MavenExecutionContext.execute(MavenExecutionContext.java:114)
	at org.eclipse.m2e.core.internal.embedder.MavenExecutionContext.execute(MavenExecutionContext.java:101)
	at org.eclipse.m2e.core.internal.embedder.MavenImpl.resolve(MavenImpl.java:772)
	at org.eclipse.m2e.core.internal.embedder.MavenImpl.resolve(MavenImpl.java:749)
	at org.eclipse.m2e.jdt.internal.DownloadSourcesJob.download(DownloadSourcesJob.java:330)
	at org.eclipse.m2e.jdt.internal.DownloadSourcesJob.downloadAttachments(DownloadSourcesJob.java:316)
	at org.eclipse.m2e.jdt.internal.DownloadSourcesJob.downloadMaven(DownloadSourcesJob.java:269)
	at org.eclipse.m2e.jdt.internal.DownloadSourcesJob.downloadFilesAndPopulateToUpdate(DownloadSourcesJob.java:233)
	at org.eclipse.m2e.jdt.internal.DownloadSourcesJob.lambda$0(DownloadSourcesJob.java:161)
	at org.eclipse.m2e.core.internal.embedder.MavenExecutionContext.executeBare(MavenExecutionContext.java:179)
	at org.eclipse.m2e.core.internal.embedder.MavenExecutionContext.execute(MavenExecutionContext.java:153)
	at org.eclipse.m2e.core.internal.embedder.MavenExecutionContext.execute(MavenExecutionContext.java:101)
	at org.eclipse.m2e.core.internal.embedder.MavenImpl.execute(MavenImpl.java:1374)
	at org.eclipse.m2e.jdt.internal.DownloadSourcesJob.run(DownloadSourcesJob.java:161)
	at org.eclipse.core.internal.jobs.Worker.run(Worker.java:63)
2021-05-22 11:45:03,492 [Worker-50: Building] INFO  o.e.m.c.i.l.LifecycleMappingFactory - Using org.eclipse.m2e.jdt.JarLifecycleMapping lifecycle mapping for MavenProject: PragatiTraining:TestCaseProject:6.0 @ D:\EclipseProject\TestCaseProject\TestCaseProject\pom.xml.
2021-05-22 11:45:04,208 [Worker-50: Building] INFO  o.e.m.c.i.embedder.EclipseLogger - Using 'UTF-8' encoding to copy filtered resources.
2021-05-22 11:45:04,208 [Worker-50: Building] INFO  o.e.m.c.i.embedder.EclipseLogger - skip non existing resourceDirectory D:\EclipseProject\TestCaseProject\TestCaseProject\src\main\resources
2021-05-22 11:45:04,211 [Worker-50: Building] INFO  o.e.m.c.i.embedder.EclipseLogger - Using 'UTF-8' encoding to copy filtered resources.
2021-05-22 11:45:04,211 [Worker-50: Building] INFO  o.e.m.c.i.embedder.EclipseLogger - skip non existing resourceDirectory D:\EclipseProject\TestCaseProject\TestCaseProject\src\test\resources
2021-05-22 11:45:10,276 [Worker-50: Launching Executing install in D__EclipseProject_TestCaseProject_TestCaseProject] INFO  o.e.m.i.launch.MavenLaunchDelegate - D:\EclipseProject\TestCaseProject\TestCaseProject
2021-05-22 11:45:10,277 [Worker-50: Launching Executing install in D__EclipseProject_TestCaseProject_TestCaseProject] INFO  o.e.m.i.launch.MavenLaunchDelegate -  mvn -B install
2021-05-22 11:45:21,654 [Worker-60: Building] INFO  o.e.m.c.i.embedder.EclipseLogger - Using 'UTF-8' encoding to copy filtered resources.
2021-05-22 11:45:21,655 [Worker-60: Building] INFO  o.e.m.c.i.embedder.EclipseLogger - skip non existing resourceDirectory D:\EclipseProject\TestCaseProject\TestCaseProject\src\main\resources
2021-05-22 11:45:21,657 [Worker-60: Building] INFO  o.e.m.c.i.embedder.EclipseLogger - Using 'UTF-8' encoding to copy filtered resources.
2021-05-22 11:45:21,657 [Worker-60: Building] INFO  o.e.m.c.i.embedder.EclipseLogger - skip non existing resourceDirectory D:\EclipseProject\TestCaseProject\TestCaseProject\src\test\resources
2021-05-22 11:52:58,704 [Worker-55: Building] INFO  o.e.m.c.i.l.LifecycleMappingFactory - Using org.eclipse.m2e.jdt.JarLifecycleMapping lifecycle mapping for MavenProject: PragatiTraining:TestCaseProject:1.0 @ D:\EclipseProject\TestCaseProject\TestCaseProject\pom.xml.
2021-05-22 11:52:59,806 [Worker-55: Building] INFO  o.e.m.c.i.embedder.EclipseLogger - Using 'UTF-8' encoding to copy filtered resources.
2021-05-22 11:52:59,806 [Worker-55: Building] INFO  o.e.m.c.i.embedder.EclipseLogger - skip non existing resourceDirectory D:\EclipseProject\TestCaseProject\TestCaseProject\src\main\resources
2021-05-22 11:52:59,809 [Worker-55: Building] INFO  o.e.m.c.i.embedder.EclipseLogger - Using 'UTF-8' encoding to copy filtered resources.
2021-05-22 11:52:59,809 [Worker-55: Building] INFO  o.e.m.c.i.embedder.EclipseLogger - skip non existing resourceDirectory D:\EclipseProject\TestCaseProject\TestCaseProject\src\test\resources
2021-05-22 11:53:07,737 [Worker-61: Launching Executing install in D__EclipseProject_TestCaseProject_TestCaseProject] INFO  o.e.m.i.launch.MavenLaunchDelegate - D:\EclipseProject\TestCaseProject\TestCaseProject
2021-05-22 11:53:07,737 [Worker-61: Launching Executing install in D__EclipseProject_TestCaseProject_TestCaseProject] INFO  o.e.m.i.launch.MavenLaunchDelegate -  mvn -B install
2021-05-22 11:53:22,107 [Worker-61: Building] INFO  o.e.m.c.i.embedder.EclipseLogger - Using 'UTF-8' encoding to copy filtered resources.
2021-05-22 11:53:22,108 [Worker-61: Building] INFO  o.e.m.c.i.embedder.EclipseLogger - skip non existing resourceDirectory D:\EclipseProject\TestCaseProject\TestCaseProject\src\main\resources
2021-05-22 11:53:22,109 [Worker-61: Building] INFO  o.e.m.c.i.embedder.EclipseLogger - Using 'UTF-8' encoding to copy filtered resources.
2021-05-22 11:53:22,110 [Worker-61: Building] INFO  o.e.m.c.i.embedder.EclipseLogger - skip non existing resourceDirectory D:\EclipseProject\TestCaseProject\TestCaseProject\src\test\resources
2021-05-22 11:58:41,943 [Worker-61: Building] INFO  o.e.m.c.i.l.LifecycleMappingFactory - Using org.eclipse.m2e.jdt.JarLifecycleMapping lifecycle mapping for MavenProject: PragatiTraining:TestCaseProject:1.0 @ D:\EclipseProject\TestCaseProject\TestCaseProject\pom.xml.
2021-05-22 11:58:43,234 [Worker-61: Building] INFO  o.e.m.c.i.embedder.EclipseLogger - Using 'UTF-8' encoding to copy filtered resources.
2021-05-22 11:58:43,234 [Worker-61: Building] INFO  o.e.m.c.i.embedder.EclipseLogger - skip non existing resourceDirectory D:\EclipseProject\TestCaseProject\TestCaseProject\src\main\resources
2021-05-22 11:58:43,237 [Worker-61: Building] INFO  o.e.m.c.i.embedder.EclipseLogger - Using 'UTF-8' encoding to copy filtered resources.
2021-05-22 11:58:43,238 [Worker-61: Building] INFO  o.e.m.c.i.embedder.EclipseLogger - skip non existing resourceDirectory D:\EclipseProject\TestCaseProject\TestCaseProject\src\test\resources
2021-05-22 11:58:44,652 [Worker-64: Building] INFO  o.e.m.c.i.embedder.EclipseLogger - Using 'UTF-8' encoding to copy filtered resources.
2021-05-22 11:58:44,652 [Worker-64: Building] INFO  o.e.m.c.i.embedder.EclipseLogger - skip non existing resourceDirectory D:\EclipseProject\TestCaseProject\TestCaseProject\src\main\resources
2021-05-22 11:58:44,654 [Worker-64: Building] INFO  o.e.m.c.i.embedder.EclipseLogger - Using 'UTF-8' encoding to copy filtered resources.
2021-05-22 11:58:44,654 [Worker-64: Building] INFO  o.e.m.c.i.embedder.EclipseLogger - skip non existing resourceDirectory D:\EclipseProject\TestCaseProject\TestCaseProject\src\test\resources
2021-05-22 11:58:49,622 [Worker-65: Launching Executing install in D__EclipseProject_TestCaseProject_TestCaseProject] INFO  o.e.m.i.launch.MavenLaunchDelegate - D:\EclipseProject\TestCaseProject\TestCaseProject
2021-05-22 11:58:49,623 [Worker-65: Launching Executing install in D__EclipseProject_TestCaseProject_TestCaseProject] INFO  o.e.m.i.launch.MavenLaunchDelegate -  mvn -B install
2021-05-22 11:59:02,790 [Worker-61: Download sources and javadoc] INFO  o.e.m.c.i.e.AbstractTransferListenerAdapter - Downloaded https://repo.maven.apache.org/maven2/PragatiTraining/AutomationFrameworkAPI/7.0/AutomationFrameworkAPI-7.0-sources.jar
2021-05-22 11:59:02,891 [Worker-61: Download sources and javadoc] ERROR o.e.m.j.internal.DownloadSourcesJob - Could not download sources for PragatiTraining:AutomationFrameworkAPI:7.0
org.eclipse.core.runtime.CoreException: Could not resolve artifact PragatiTraining:AutomationFrameworkAPI:jar:sources:7.0
	at org.eclipse.m2e.core.internal.embedder.MavenImpl.lambda$4(MavenImpl.java:804)
	at org.eclipse.m2e.core.internal.embedder.MavenExecutionContext.executeBare(MavenExecutionContext.java:179)
	at org.eclipse.m2e.core.internal.embedder.MavenExecutionContext.execute(MavenExecutionContext.java:114)
	at org.eclipse.m2e.core.internal.embedder.MavenExecutionContext.execute(MavenExecutionContext.java:101)
	at org.eclipse.m2e.core.internal.embedder.MavenImpl.resolve(MavenImpl.java:772)
	at org.eclipse.m2e.core.internal.embedder.MavenImpl.resolve(MavenImpl.java:749)
	at org.eclipse.m2e.jdt.internal.DownloadSourcesJob.download(DownloadSourcesJob.java:330)
	at org.eclipse.m2e.jdt.internal.DownloadSourcesJob.downloadAttachments(DownloadSourcesJob.java:304)
	at org.eclipse.m2e.jdt.internal.DownloadSourcesJob.downloadMaven(DownloadSourcesJob.java:269)
	at org.eclipse.m2e.jdt.internal.DownloadSourcesJob.downloadFilesAndPopulateToUpdate(DownloadSourcesJob.java:233)
	at org.eclipse.m2e.jdt.internal.DownloadSourcesJob.lambda$0(DownloadSourcesJob.java:161)
	at org.eclipse.m2e.core.internal.embedder.MavenExecutionContext.executeBare(MavenExecutionContext.java:179)
	at org.eclipse.m2e.core.internal.embedder.MavenExecutionContext.execute(MavenExecutionContext.java:153)
	at org.eclipse.m2e.core.internal.embedder.MavenExecutionContext.execute(MavenExecutionContext.java:101)
	at org.eclipse.m2e.core.internal.embedder.MavenImpl.execute(MavenImpl.java:1374)
	at org.eclipse.m2e.jdt.internal.DownloadSourcesJob.run(DownloadSourcesJob.java:161)
	at org.eclipse.core.internal.jobs.Worker.run(Worker.java:63)
2021-05-22 11:59:05,383 [Worker-65: Building] INFO  o.e.m.c.i.embedder.EclipseLogger - Using 'UTF-8' encoding to copy filtered resources.
2021-05-22 11:59:05,383 [Worker-65: Building] INFO  o.e.m.c.i.embedder.EclipseLogger - skip non existing resourceDirectory D:\EclipseProject\TestCaseProject\TestCaseProject\src\main\resources
2021-05-22 11:59:05,385 [Worker-65: Building] INFO  o.e.m.c.i.embedder.EclipseLogger - Using 'UTF-8' encoding to copy filtered resources.
2021-05-22 11:59:05,388 [Worker-65: Building] INFO  o.e.m.c.i.embedder.EclipseLogger - skip non existing resourceDirectory D:\EclipseProject\TestCaseProject\TestCaseProject\src\test\resources
2021-05-23 16:36:51,599 [Worker-1: Loading available Gradle versions] INFO  o.e.b.c.i.u.g.PublishedGradleVersions - Gradle version information cache is up-to-date. Trying to read.
2021-05-23 16:37:01,981 [Worker-7: Building] INFO  o.e.m.c.i.embedder.EclipseLogger - Using 'UTF-8' encoding to copy filtered resources.
2021-05-23 16:37:01,981 [Worker-7: Building] INFO  o.e.m.c.i.embedder.EclipseLogger - skip non existing resourceDirectory D:\EclipseProject\TestCaseProject\TestCaseProject\src\main\resources
2021-05-23 16:37:01,984 [Worker-7: Building] INFO  o.e.m.c.i.embedder.EclipseLogger - Using 'UTF-8' encoding to copy filtered resources.
2021-05-23 16:37:01,985 [Worker-7: Building] INFO  o.e.m.c.i.embedder.EclipseLogger - skip non existing resourceDirectory D:\EclipseProject\TestCaseProject\TestCaseProject\src\test\resources
2021-05-24 08:56:21,034 [Worker-2: Loading available Gradle versions] INFO  o.e.b.c.i.u.g.PublishedGradleVersions - Gradle version information cache is up-to-date. Trying to read.
2021-05-24 08:57:05,243 [Worker-11: Building] INFO  o.e.m.c.i.embedder.EclipseLogger - Using 'UTF-8' encoding to copy filtered resources.
2021-05-24 08:57:05,244 [Worker-11: Building] INFO  o.e.m.c.i.embedder.EclipseLogger - skip non existing resourceDirectory D:\EclipseProject\TestCaseProject\TestCaseProject\src\main\resources
2021-05-24 08:57:05,249 [Worker-11: Building] INFO  o.e.m.c.i.embedder.EclipseLogger - Using 'UTF-8' encoding to copy filtered resources.
2021-05-24 08:57:05,249 [Worker-11: Building] INFO  o.e.m.c.i.embedder.EclipseLogger - skip non existing resourceDirectory D:\EclipseProject\TestCaseProject\TestCaseProject\src\test\resources
